[ 2017-04-05T16:26:25+08:00 ] 127.0.0.1 /index.php/Search/subscribe.html
ERR: 非法操作:subscribe

[ 2017-04-05T16:26:47+08:00 ] 127.0.0.1 /index.php/Search/subscribe.html
ERR: 非法操作:subscribe

[ 2017-04-05T16:28:47+08:00 ] 127.0.0.1 /index.php/Search/index//suggest.json?query=%E8%8A%82%E6%93%8D
INFO: [ app_begin ] --START--
INFO: Run Behavior\ReadHtmlCacheBehavior [ RunTime:0.000349s ]
INFO: [ app_begin ] --END-- [ RunTime:0.000607s ]
NOTIC: [8] Undefined index: name E:\zhaozhao\Application\Home\Controller\SearchController.class.php 第 24 行.
INFO: [ view_parse ] --START--
INFO: [ template_filter ] --START--
INFO: Run Behavior\ContentReplaceBehavior [ RunTime:0.000117s ]
INFO: [ template_filter ] --END-- [ RunTime:0.000155s ]
NOTIC: [8] Undefined index: all E:\zhaozhao\Application\Runtime\Cache\Home\b5c26778e4651bc280b1e3680d7ad0cb.php 第 71 行.
NOTIC: [8] Undefined index: salary E:\zhaozhao\Application\Runtime\Cache\Home\b5c26778e4651bc280b1e3680d7ad0cb.php 第 74 行.
NOTIC: [8] Undefined index: workyear E:\zhaozhao\Application\Runtime\Cache\Home\b5c26778e4651bc280b1e3680d7ad0cb.php 第 77 行.
NOTIC: [8] Undefined index: city E:\zhaozhao\Application\Runtime\Cache\Home\b5c26778e4651bc280b1e3680d7ad0cb.php 第 80 行.
NOTIC: [8] Undefined index: edu E:\zhaozhao\Application\Runtime\Cache\Home\b5c26778e4651bc280b1e3680d7ad0cb.php 第 83 行.
NOTIC: [8] Undefined index: nature E:\zhaozhao\Application\Runtime\Cache\Home\b5c26778e4651bc280b1e3680d7ad0cb.php 第 86 行.
NOTIC: [8] Undefined index: salary E:\zhaozhao\Application\Runtime\Cache\Home\b5c26778e4651bc280b1e3680d7ad0cb.php 第 92 行.
NOTIC: [8] Undefined index: workyear E:\zhaozhao\Application\Runtime\Cache\Home\b5c26778e4651bc280b1e3680d7ad0cb.php 第 93 行.
NOTIC: [8] Undefined index: city E:\zhaozhao\Application\Runtime\Cache\Home\b5c26778e4651bc280b1e3680d7ad0cb.php 第 94 行.
NOTIC: [8] Undefined index: edu E:\zhaozhao\Application\Runtime\Cache\Home\b5c26778e4651bc280b1e3680d7ad0cb.php 第 95 行.
NOTIC: [8] Undefined index: nature E:\zhaozhao\Application\Runtime\Cache\Home\b5c26778e4651bc280b1e3680d7ad0cb.php 第 96 行.
NOTIC: [8] Undefined variable: result E:\zhaozhao\Application\Runtime\Cache\Home\b5c26778e4651bc280b1e3680d7ad0cb.php 第 402 行.
NOTIC: [8] Undefined variable: page E:\zhaozhao\Application\Runtime\Cache\Home\b5c26778e4651bc280b1e3680d7ad0cb.php 第 480 行.
INFO: Run Behavior\ParseTemplateBehavior [ RunTime:0.012334s ]
INFO: [ view_parse ] --END-- [ RunTime:0.012379s ]
INFO: [ view_filter ] --START--
INFO: Run Behavior\WriteHtmlCacheBehavior [ RunTime:0.000179s ]
INFO: [ view_filter ] --END-- [ RunTime:0.000217s ]
INFO: [ app_end ] --START--
INFO: Run Behavior\ShowPageTraceBehavior [ RunTime:0.000423s ]
INFO: [ app_end ] --END-- [ RunTime:0.000474s ]

[ 2017-04-05T16:29:08+08:00 ] 127.0.0.1 /index.php/Search/index//suggest.json?query=%E6%B8%B8%E6%88%8F
INFO: [ app_begin ] --START--
INFO: Run Behavior\ReadHtmlCacheBehavior [ RunTime:0.000304s ]
INFO: [ app_begin ] --END-- [ RunTime:0.000560s ]
NOTIC: [8] Undefined index: name E:\zhaozhao\Application\Home\Controller\SearchController.class.php 第 24 行.
INFO: [ view_parse ] --START--
INFO: [ template_filter ] --START--
INFO: Run Behavior\ContentReplaceBehavior [ RunTime:0.000108s ]
INFO: [ template_filter ] --END-- [ RunTime:0.000145s ]
NOTIC: [8] Undefined index: all E:\zhaozhao\Application\Runtime\Cache\Home\b5c26778e4651bc280b1e3680d7ad0cb.php 第 71 行.
NOTIC: [8] Undefined index: salary E:\zhaozhao\Application\Runtime\Cache\Home\b5c26778e4651bc280b1e3680d7ad0cb.php 第 74 行.
NOTIC: [8] Undefined index: workyear E:\zhaozhao\Application\Runtime\Cache\Home\b5c26778e4651bc280b1e3680d7ad0cb.php 第 77 行.
NOTIC: [8] Undefined index: city E:\zhaozhao\Application\Runtime\Cache\Home\b5c26778e4651bc280b1e3680d7ad0cb.php 第 80 行.
NOTIC: [8] Undefined index: edu E:\zhaozhao\Application\Runtime\Cache\Home\b5c26778e4651bc280b1e3680d7ad0cb.php 第 83 行.
NOTIC: [8] Undefined index: nature E:\zhaozhao\Application\Runtime\Cache\Home\b5c26778e4651bc280b1e3680d7ad0cb.php 第 86 行.
NOTIC: [8] Undefined index: salary E:\zhaozhao\Application\Runtime\Cache\Home\b5c26778e4651bc280b1e3680d7ad0cb.php 第 92 行.
NOTIC: [8] Undefined index: workyear E:\zhaozhao\Application\Runtime\Cache\Home\b5c26778e4651bc280b1e3680d7ad0cb.php 第 93 行.
NOTIC: [8] Undefined index: city E:\zhaozhao\Application\Runtime\Cache\Home\b5c26778e4651bc280b1e3680d7ad0cb.php 第 94 行.
NOTIC: [8] Undefined index: edu E:\zhaozhao\Application\Runtime\Cache\Home\b5c26778e4651bc280b1e3680d7ad0cb.php 第 95 行.
NOTIC: [8] Undefined index: nature E:\zhaozhao\Application\Runtime\Cache\Home\b5c26778e4651bc280b1e3680d7ad0cb.php 第 96 行.
NOTIC: [8] Undefined variable: result E:\zhaozhao\Application\Runtime\Cache\Home\b5c26778e4651bc280b1e3680d7ad0cb.php 第 402 行.
NOTIC: [8] Undefined variable: page E:\zhaozhao\Application\Runtime\Cache\Home\b5c26778e4651bc280b1e3680d7ad0cb.php 第 480 行.
INFO: Run Behavior\ParseTemplateBehavior [ RunTime:0.010221s ]
INFO: [ view_parse ] --END-- [ RunTime:0.010256s ]
INFO: [ view_filter ] --START--
INFO: Run Behavior\WriteHtmlCacheBehavior [ RunTime:0.000179s ]
INFO: [ view_filter ] --END-- [ RunTime:0.000203s ]
INFO: [ app_end ] --START--
INFO: Run Behavior\ShowPageTraceBehavior [ RunTime:0.000429s ]
INFO: [ app_end ] --END-- [ RunTime:0.000469s ]

[ 2017-04-05T17:09:47+08:00 ] 127.0.0.1 /index.php/Search/h/c/1712.html
ERR: 非法操作:h

[ 2017-04-05T17:10:11+08:00 ] 127.0.0.1 /index.php/Index/h/c/8250.html
ERR: 非法操作:h

[ 2017-04-05T17:10:16+08:00 ] 127.0.0.1 /Uploads/Company/Logo/1.JPEG
ERR: 无法加载控制器:Uploads

[ 2017-04-05T17:10:16+08:00 ] 127.0.0.1 /Uploads/Company/Logo/1.JPEG
ERR: 无法加载控制器:Uploads

[ 2017-04-05T19:48:44+08:00 ] 127.0.0.1 /index.php/JobContent/index/id/h/user/login.json
INFO: [ app_begin ] --START--
INFO: Run Behavior\ReadHtmlCacheBehavior [ RunTime:0.000444s ]
INFO: [ app_begin ] --END-- [ RunTime:0.000811s ]
SQL: SHOW COLUMNS FROM `lg_job` [ RunTime:0.0084s ]
SQL: SELECT j.id,j.name,j.branch,j.nature,j.desc,j.city,j.salary_high,j.salary_low,j.work_year,j.edu,j.welfare,j.create_time,j.address,c.short_name,c.trade,c.name cname,c.web,c.id cid,c.logo,s.num,t.stage_name FROM lg_job j left join (lg_company c, lg_scale s ,lg_stage t) on (j.company_id=c.id and c.scale=s.type and j.state=t.type)  WHERE j.id = 'h' LIMIT 1   [ RunTime:0.0012s ]
SQL: SHOW COLUMNS FROM `lg_company_tag` [ RunTime:0.0036s ]
SQL: SELECT t.name FROM lg_company_tag c left join lg_tag t on (t.id = c.tag_id)  WHERE c.company_id = null  [ RunTime:0.0008s ]
INFO: [ view_parse ] --START--
INFO: [ template_filter ] --START--
INFO: Run Behavior\ContentReplaceBehavior [ RunTime:0.000190s ]
INFO: [ template_filter ] --END-- [ RunTime:0.000238s ]
NOTIC: [8] Undefined index: name E:\zhaozhao\Application\Runtime\Cache\Home\9d6c452bbd873691242cfaed903373f7.php 第 9 行.
NOTIC: [8] Undefined index: short_name E:\zhaozhao\Application\Runtime\Cache\Home\9d6c452bbd873691242cfaed903373f7.php 第 9 行.
NOTIC: [8] Undefined index: name E:\zhaozhao\Application\Runtime\Cache\Home\9d6c452bbd873691242cfaed903373f7.php 第 64 行.
NOTIC: [8] Undefined index: short_name E:\zhaozhao\Application\Runtime\Cache\Home\9d6c452bbd873691242cfaed903373f7.php 第 66 行.
NOTIC: [8] Undefined index: branch E:\zhaozhao\Application\Runtime\Cache\Home\9d6c452bbd873691242cfaed903373f7.php 第 66 行.
NOTIC: [8] Undefined index: name E:\zhaozhao\Application\Runtime\Cache\Home\9d6c452bbd873691242cfaed903373f7.php 第 67 行.
NOTIC: [8] Undefined index: salary_low E:\zhaozhao\Application\Runtime\Cache\Home\9d6c452bbd873691242cfaed903373f7.php 第 75 行.
NOTIC: [8] Undefined index: salary_high E:\zhaozhao\Application\Runtime\Cache\Home\9d6c452bbd873691242cfaed903373f7.php 第 75 行.
NOTIC: [8] Undefined index: city E:\zhaozhao\Application\Runtime\Cache\Home\9d6c452bbd873691242cfaed903373f7.php 第 76 行.
NOTIC: [8] Undefined index: work_year E:\zhaozhao\Application\Runtime\Cache\Home\9d6c452bbd873691242cfaed903373f7.php 第 77 行.
NOTIC: [8] Undefined index: edu E:\zhaozhao\Application\Runtime\Cache\Home\9d6c452bbd873691242cfaed903373f7.php 第 78 行.
NOTIC: [8] Undefined index: nature E:\zhaozhao\Application\Runtime\Cache\Home\9d6c452bbd873691242cfaed903373f7.php 第 79 行.
NOTIC: [8] Undefined index: welfare E:\zhaozhao\Application\Runtime\Cache\Home\9d6c452bbd873691242cfaed903373f7.php 第 80 行.
NOTIC: [8] Undefined index: create_time E:\zhaozhao\Application\Runtime\Cache\Home\9d6c452bbd873691242cfaed903373f7.php 第 81 行.
NOTIC: [8] Undefined index: desc E:\zhaozhao\Application\Runtime\Cache\Home\9d6c452bbd873691242cfaed903373f7.php 第 85 行.
NOTIC: [8] Undefined index: logo E:\zhaozhao\Application\Runtime\Cache\Home\9d6c452bbd873691242cfaed903373f7.php 第 119 行.
NOTIC: [8] Undefined index: cname E:\zhaozhao\Application\Runtime\Cache\Home\9d6c452bbd873691242cfaed903373f7.php 第 120 行.
NOTIC: [8] Undefined index: short_name E:\zhaozhao\Application\Runtime\Cache\Home\9d6c452bbd873691242cfaed903373f7.php 第 123 行.
NOTIC: [8] Undefined index: trade E:\zhaozhao\Application\Runtime\Cache\Home\9d6c452bbd873691242cfaed903373f7.php 第 134 行.
NOTIC: [8] Undefined index: num E:\zhaozhao\Application\Runtime\Cache\Home\9d6c452bbd873691242cfaed903373f7.php 第 135 行.
NOTIC: [8] Undefined index: web E:\zhaozhao\Application\Runtime\Cache\Home\9d6c452bbd873691242cfaed903373f7.php 第 138 行.
NOTIC: [8] Undefined index: web E:\zhaozhao\Application\Runtime\Cache\Home\9d6c452bbd873691242cfaed903373f7.php 第 138 行.
NOTIC: [8] Undefined index: stage_name E:\zhaozhao\Application\Runtime\Cache\Home\9d6c452bbd873691242cfaed903373f7.php 第 144 行.
NOTIC: [8] Undefined index: address E:\zhaozhao\Application\Runtime\Cache\Home\9d6c452bbd873691242cfaed903373f7.php 第 160 行.
INFO: Run Behavior\ParseTemplateBehavior [ RunTime:0.010809s ]
INFO: [ view_parse ] --END-- [ RunTime:0.010846s ]
INFO: [ view_filter ] --START--
INFO: Run Behavior\WriteHtmlCacheBehavior [ RunTime:0.000269s ]
INFO: [ view_filter ] --END-- [ RunTime:0.000293s ]
INFO: [ app_end ] --START--
INFO: Run Behavior\ShowPageTraceBehavior [ RunTime:0.000438s ]
INFO: [ app_end ] --END-- [ RunTime:0.000478s ]

[ 2017-04-05T19:48:47+08:00 ] 127.0.0.1 /index.php/JobContent/index/id/h/user/login.json
INFO: [ app_begin ] --START--
INFO: Run Behavior\ReadHtmlCacheBehavior [ RunTime:0.000457s ]
INFO: [ app_begin ] --END-- [ RunTime:0.000700s ]
SQL: SHOW COLUMNS FROM `lg_job` [ RunTime:0.0079s ]
SQL: SELECT j.id,j.name,j.branch,j.nature,j.desc,j.city,j.salary_high,j.salary_low,j.work_year,j.edu,j.welfare,j.create_time,j.address,c.short_name,c.trade,c.name cname,c.web,c.id cid,c.logo,s.num,t.stage_name FROM lg_job j left join (lg_company c, lg_scale s ,lg_stage t) on (j.company_id=c.id and c.scale=s.type and j.state=t.type)  WHERE j.id = 'h' LIMIT 1   [ RunTime:0.0003s ]
SQL: SHOW COLUMNS FROM `lg_company_tag` [ RunTime:0.0036s ]
SQL: SELECT t.name FROM lg_company_tag c left join lg_tag t on (t.id = c.tag_id)  WHERE c.company_id = null  [ RunTime:0.0006s ]
INFO: [ view_parse ] --START--
INFO: [ template_filter ] --START--
INFO: Run Behavior\ContentReplaceBehavior [ RunTime:0.000169s ]
INFO: [ template_filter ] --END-- [ RunTime:0.000208s ]
NOTIC: [8] Undefined index: name E:\zhaozhao\Application\Runtime\Cache\Home\9d6c452bbd873691242cfaed903373f7.php 第 9 行.
NOTIC: [8] Undefined index: short_name E:\zhaozhao\Application\Runtime\Cache\Home\9d6c452bbd873691242cfaed903373f7.php 第 9 行.
NOTIC: [8] Undefined index: name E:\zhaozhao\Application\Runtime\Cache\Home\9d6c452bbd873691242cfaed903373f7.php 第 64 行.
NOTIC: [8] Undefined index: short_name E:\zhaozhao\Application\Runtime\Cache\Home\9d6c452bbd873691242cfaed903373f7.php 第 66 行.
NOTIC: [8] Undefined index: branch E:\zhaozhao\Application\Runtime\Cache\Home\9d6c452bbd873691242cfaed903373f7.php 第 66 行.
NOTIC: [8] Undefined index: name E:\zhaozhao\Application\Runtime\Cache\Home\9d6c452bbd873691242cfaed903373f7.php 第 67 行.
NOTIC: [8] Undefined index: salary_low E:\zhaozhao\Application\Runtime\Cache\Home\9d6c452bbd873691242cfaed903373f7.php 第 75 行.
NOTIC: [8] Undefined index: salary_high E:\zhaozhao\Application\Runtime\Cache\Home\9d6c452bbd873691242cfaed903373f7.php 第 75 行.
NOTIC: [8] Undefined index: city E:\zhaozhao\Application\Runtime\Cache\Home\9d6c452bbd873691242cfaed903373f7.php 第 76 行.
NOTIC: [8] Undefined index: work_year E:\zhaozhao\Application\Runtime\Cache\Home\9d6c452bbd873691242cfaed903373f7.php 第 77 行.
NOTIC: [8] Undefined index: edu E:\zhaozhao\Application\Runtime\Cache\Home\9d6c452bbd873691242cfaed903373f7.php 第 78 行.
NOTIC: [8] Undefined index: nature E:\zhaozhao\Application\Runtime\Cache\Home\9d6c452bbd873691242cfaed903373f7.php 第 79 行.
NOTIC: [8] Undefined index: welfare E:\zhaozhao\Application\Runtime\Cache\Home\9d6c452bbd873691242cfaed903373f7.php 第 80 行.
NOTIC: [8] Undefined index: create_time E:\zhaozhao\Application\Runtime\Cache\Home\9d6c452bbd873691242cfaed903373f7.php 第 81 行.
NOTIC: [8] Undefined index: desc E:\zhaozhao\Application\Runtime\Cache\Home\9d6c452bbd873691242cfaed903373f7.php 第 85 行.
NOTIC: [8] Undefined index: logo E:\zhaozhao\Application\Runtime\Cache\Home\9d6c452bbd873691242cfaed903373f7.php 第 119 行.
NOTIC: [8] Undefined index: cname E:\zhaozhao\Application\Runtime\Cache\Home\9d6c452bbd873691242cfaed903373f7.php 第 120 行.
NOTIC: [8] Undefined index: short_name E:\zhaozhao\Application\Runtime\Cache\Home\9d6c452bbd873691242cfaed903373f7.php 第 123 行.
NOTIC: [8] Undefined index: trade E:\zhaozhao\Application\Runtime\Cache\Home\9d6c452bbd873691242cfaed903373f7.php 第 134 行.
NOTIC: [8] Undefined index: num E:\zhaozhao\Application\Runtime\Cache\Home\9d6c452bbd873691242cfaed903373f7.php 第 135 行.
NOTIC: [8] Undefined index: web E:\zhaozhao\Application\Runtime\Cache\Home\9d6c452bbd873691242cfaed903373f7.php 第 138 行.
NOTIC: [8] Undefined index: web E:\zhaozhao\Application\Runtime\Cache\Home\9d6c452bbd873691242cfaed903373f7.php 第 138 行.
NOTIC: [8] Undefined index: stage_name E:\zhaozhao\Application\Runtime\Cache\Home\9d6c452bbd873691242cfaed903373f7.php 第 144 行.
NOTIC: [8] Undefined index: address E:\zhaozhao\Application\Runtime\Cache\Home\9d6c452bbd873691242cfaed903373f7.php 第 160 行.
INFO: Run Behavior\ParseTemplateBehavior [ RunTime:0.010359s ]
INFO: [ view_parse ] --END-- [ RunTime:0.010403s ]
INFO: [ view_filter ] --START--
INFO: Run Behavior\WriteHtmlCacheBehavior [ RunTime:0.000169s ]
INFO: [ view_filter ] --END-- [ RunTime:0.000192s ]
INFO: [ app_end ] --START--
INFO: Run Behavior\ShowPageTraceBehavior [ RunTime:0.000441s ]
INFO: [ app_end ] --END-- [ RunTime:0.000489s ]

[ 2017-04-05T19:48:52+08:00 ] 127.0.0.1 /index.php/JobContent/index/id/h/user/login.json
INFO: [ app_begin ] --START--
INFO: Run Behavior\ReadHtmlCacheBehavior [ RunTime:0.000370s ]
INFO: [ app_begin ] --END-- [ RunTime:0.000638s ]
SQL: SHOW COLUMNS FROM `lg_job` [ RunTime:0.0082s ]
SQL: SELECT j.id,j.name,j.branch,j.nature,j.desc,j.city,j.salary_high,j.salary_low,j.work_year,j.edu,j.welfare,j.create_time,j.address,c.short_name,c.trade,c.name cname,c.web,c.id cid,c.logo,s.num,t.stage_name FROM lg_job j left join (lg_company c, lg_scale s ,lg_stage t) on (j.company_id=c.id and c.scale=s.type and j.state=t.type)  WHERE j.id = 'h' LIMIT 1   [ RunTime:0.0004s ]
SQL: SHOW COLUMNS FROM `lg_company_tag` [ RunTime:0.0038s ]
SQL: SELECT t.name FROM lg_company_tag c left join lg_tag t on (t.id = c.tag_id)  WHERE c.company_id = null  [ RunTime:0.0006s ]
INFO: [ view_parse ] --START--
INFO: [ template_filter ] --START--
INFO: Run Behavior\ContentReplaceBehavior [ RunTime:0.000166s ]
INFO: [ template_filter ] --END-- [ RunTime:0.000207s ]
NOTIC: [8] Undefined index: name E:\zhaozhao\Application\Runtime\Cache\Home\9d6c452bbd873691242cfaed903373f7.php 第 9 行.
NOTIC: [8] Undefined index: short_name E:\zhaozhao\Application\Runtime\Cache\Home\9d6c452bbd873691242cfaed903373f7.php 第 9 行.
NOTIC: [8] Undefined index: name E:\zhaozhao\Application\Runtime\Cache\Home\9d6c452bbd873691242cfaed903373f7.php 第 64 行.
NOTIC: [8] Undefined index: short_name E:\zhaozhao\Application\Runtime\Cache\Home\9d6c452bbd873691242cfaed903373f7.php 第 66 行.
NOTIC: [8] Undefined index: branch E:\zhaozhao\Application\Runtime\Cache\Home\9d6c452bbd873691242cfaed903373f7.php 第 66 行.
NOTIC: [8] Undefined index: name E:\zhaozhao\Application\Runtime\Cache\Home\9d6c452bbd873691242cfaed903373f7.php 第 67 行.
NOTIC: [8] Undefined index: salary_low E:\zhaozhao\Application\Runtime\Cache\Home\9d6c452bbd873691242cfaed903373f7.php 第 75 行.
NOTIC: [8] Undefined index: salary_high E:\zhaozhao\Application\Runtime\Cache\Home\9d6c452bbd873691242cfaed903373f7.php 第 75 行.
NOTIC: [8] Undefined index: city E:\zhaozhao\Application\Runtime\Cache\Home\9d6c452bbd873691242cfaed903373f7.php 第 76 行.
NOTIC: [8] Undefined index: work_year E:\zhaozhao\Application\Runtime\Cache\Home\9d6c452bbd873691242cfaed903373f7.php 第 77 行.
NOTIC: [8] Undefined index: edu E:\zhaozhao\Application\Runtime\Cache\Home\9d6c452bbd873691242cfaed903373f7.php 第 78 行.
NOTIC: [8] Undefined index: nature E:\zhaozhao\Application\Runtime\Cache\Home\9d6c452bbd873691242cfaed903373f7.php 第 79 行.
NOTIC: [8] Undefined index: welfare E:\zhaozhao\Application\Runtime\Cache\Home\9d6c452bbd873691242cfaed903373f7.php 第 80 行.
NOTIC: [8] Undefined index: create_time E:\zhaozhao\Application\Runtime\Cache\Home\9d6c452bbd873691242cfaed903373f7.php 第 81 行.
NOTIC: [8] Undefined index: desc E:\zhaozhao\Application\Runtime\Cache\Home\9d6c452bbd873691242cfaed903373f7.php 第 85 行.
NOTIC: [8] Undefined index: logo E:\zhaozhao\Application\Runtime\Cache\Home\9d6c452bbd873691242cfaed903373f7.php 第 119 行.
NOTIC: [8] Undefined index: cname E:\zhaozhao\Application\Runtime\Cache\Home\9d6c452bbd873691242cfaed903373f7.php 第 120 行.
NOTIC: [8] Undefined index: short_name E:\zhaozhao\Application\Runtime\Cache\Home\9d6c452bbd873691242cfaed903373f7.php 第 123 行.
NOTIC: [8] Undefined index: trade E:\zhaozhao\Application\Runtime\Cache\Home\9d6c452bbd873691242cfaed903373f7.php 第 134 行.
NOTIC: [8] Undefined index: num E:\zhaozhao\Application\Runtime\Cache\Home\9d6c452bbd873691242cfaed903373f7.php 第 135 行.
NOTIC: [8] Undefined index: web E:\zhaozhao\Application\Runtime\Cache\Home\9d6c452bbd873691242cfaed903373f7.php 第 138 行.
NOTIC: [8] Undefined index: web E:\zhaozhao\Application\Runtime\Cache\Home\9d6c452bbd873691242cfaed903373f7.php 第 138 行.
NOTIC: [8] Undefined index: stage_name E:\zhaozhao\Application\Runtime\Cache\Home\9d6c452bbd873691242cfaed903373f7.php 第 144 行.
NOTIC: [8] Undefined index: address E:\zhaozhao\Application\Runtime\Cache\Home\9d6c452bbd873691242cfaed903373f7.php 第 160 行.
INFO: Run Behavior\ParseTemplateBehavior [ RunTime:0.010543s ]
INFO: [ view_parse ] --END-- [ RunTime:0.010584s ]
INFO: [ view_filter ] --START--
INFO: Run Behavior\WriteHtmlCacheBehavior [ RunTime:0.000198s ]
INFO: [ view_filter ] --END-- [ RunTime:0.000224s ]
INFO: [ app_end ] --START--
INFO: Run Behavior\ShowPageTraceBehavior [ RunTime:0.000382s ]
INFO: [ app_end ] --END-- [ RunTime:0.000420s ]

[ 2017-04-05T20:46:50+08:00 ] 127.0.0.1 /index.php/companylist.html
ERR: 无法加载控制器:Companylist

[ 2017-04-05T21:51:40+08:00 ] 127.0.0.1 /index.php/Search/index//suggest.json?query=%E6%B8%B8%E6%88%8F
INFO: [ app_begin ] --START--
INFO: Run Behavior\ReadHtmlCacheBehavior [ RunTime:0.000306s ]
INFO: [ app_begin ] --END-- [ RunTime:0.000535s ]
NOTIC: [8] Undefined index: name E:\zhaozhao\Application\Home\Controller\SearchController.class.php 第 24 行.
INFO: [ view_parse ] --START--
INFO: [ template_filter ] --START--
INFO: Run Behavior\ContentReplaceBehavior [ RunTime:0.000108s ]
INFO: [ template_filter ] --END-- [ RunTime:0.000144s ]
NOTIC: [8] Undefined index: all E:\zhaozhao\Application\Runtime\Cache\Home\b5c26778e4651bc280b1e3680d7ad0cb.php 第 71 行.
NOTIC: [8] Undefined index: salary E:\zhaozhao\Application\Runtime\Cache\Home\b5c26778e4651bc280b1e3680d7ad0cb.php 第 74 行.
NOTIC: [8] Undefined index: workyear E:\zhaozhao\Application\Runtime\Cache\Home\b5c26778e4651bc280b1e3680d7ad0cb.php 第 77 行.
NOTIC: [8] Undefined index: city E:\zhaozhao\Application\Runtime\Cache\Home\b5c26778e4651bc280b1e3680d7ad0cb.php 第 80 行.
NOTIC: [8] Undefined index: edu E:\zhaozhao\Application\Runtime\Cache\Home\b5c26778e4651bc280b1e3680d7ad0cb.php 第 83 行.
NOTIC: [8] Undefined index: nature E:\zhaozhao\Application\Runtime\Cache\Home\b5c26778e4651bc280b1e3680d7ad0cb.php 第 86 行.
NOTIC: [8] Undefined index: salary E:\zhaozhao\Application\Runtime\Cache\Home\b5c26778e4651bc280b1e3680d7ad0cb.php 第 92 行.
NOTIC: [8] Undefined index: workyear E:\zhaozhao\Application\Runtime\Cache\Home\b5c26778e4651bc280b1e3680d7ad0cb.php 第 93 行.
NOTIC: [8] Undefined index: city E:\zhaozhao\Application\Runtime\Cache\Home\b5c26778e4651bc280b1e3680d7ad0cb.php 第 94 行.
NOTIC: [8] Undefined index: edu E:\zhaozhao\Application\Runtime\Cache\Home\b5c26778e4651bc280b1e3680d7ad0cb.php 第 95 行.
NOTIC: [8] Undefined index: nature E:\zhaozhao\Application\Runtime\Cache\Home\b5c26778e4651bc280b1e3680d7ad0cb.php 第 96 行.
NOTIC: [8] Undefined variable: result E:\zhaozhao\Application\Runtime\Cache\Home\b5c26778e4651bc280b1e3680d7ad0cb.php 第 402 行.
NOTIC: [8] Undefined variable: page E:\zhaozhao\Application\Runtime\Cache\Home\b5c26778e4651bc280b1e3680d7ad0cb.php 第 480 行.
INFO: Run Behavior\ParseTemplateBehavior [ RunTime:0.010410s ]
INFO: [ view_parse ] --END-- [ RunTime:0.010445s ]
INFO: [ view_filter ] --START--
INFO: Run Behavior\WriteHtmlCacheBehavior [ RunTime:0.000198s ]
INFO: [ view_filter ] --END-- [ RunTime:0.000222s ]
INFO: [ app_end ] --START--
INFO: Run Behavior\ShowPageTraceBehavior [ RunTime:0.000403s ]
INFO: [ app_end ] --END-- [ RunTime:0.000442s ]

[ 2017-04-05T22:05:39+08:00 ] 127.0.0.1 /index.php/Search/index//suggest.json?query=%E6%B8%B8%E6%88%8F
INFO: [ app_begin ] --START--
INFO: Run Behavior\ReadHtmlCacheBehavior [ RunTime:0.000392s ]
INFO: [ app_begin ] --END-- [ RunTime:0.000645s ]
NOTIC: [8] Undefined index: name E:\zhaozhao\Application\Home\Controller\SearchController.class.php 第 24 行.
INFO: [ view_parse ] --START--
INFO: [ template_filter ] --START--
INFO: Run Behavior\ContentReplaceBehavior [ RunTime:0.000130s ]
INFO: [ template_filter ] --END-- [ RunTime:0.000165s ]
NOTIC: [8] Undefined index: all E:\zhaozhao\Application\Runtime\Cache\Home\b5c26778e4651bc280b1e3680d7ad0cb.php 第 71 行.
NOTIC: [8] Undefined index: salary E:\zhaozhao\Application\Runtime\Cache\Home\b5c26778e4651bc280b1e3680d7ad0cb.php 第 74 行.
NOTIC: [8] Undefined index: workyear E:\zhaozhao\Application\Runtime\Cache\Home\b5c26778e4651bc280b1e3680d7ad0cb.php 第 77 行.
NOTIC: [8] Undefined index: city E:\zhaozhao\Application\Runtime\Cache\Home\b5c26778e4651bc280b1e3680d7ad0cb.php 第 80 行.
NOTIC: [8] Undefined index: edu E:\zhaozhao\Application\Runtime\Cache\Home\b5c26778e4651bc280b1e3680d7ad0cb.php 第 83 行.
NOTIC: [8] Undefined index: nature E:\zhaozhao\Application\Runtime\Cache\Home\b5c26778e4651bc280b1e3680d7ad0cb.php 第 86 行.
NOTIC: [8] Undefined index: salary E:\zhaozhao\Application\Runtime\Cache\Home\b5c26778e4651bc280b1e3680d7ad0cb.php 第 92 行.
NOTIC: [8] Undefined index: workyear E:\zhaozhao\Application\Runtime\Cache\Home\b5c26778e4651bc280b1e3680d7ad0cb.php 第 93 行.
NOTIC: [8] Undefined index: city E:\zhaozhao\Application\Runtime\Cache\Home\b5c26778e4651bc280b1e3680d7ad0cb.php 第 94 行.
NOTIC: [8] Undefined index: edu E:\zhaozhao\Application\Runtime\Cache\Home\b5c26778e4651bc280b1e3680d7ad0cb.php 第 95 行.
NOTIC: [8] Undefined index: nature E:\zhaozhao\Application\Runtime\Cache\Home\b5c26778e4651bc280b1e3680d7ad0cb.php 第 96 行.
NOTIC: [8] Undefined variable: result E:\zhaozhao\Application\Runtime\Cache\Home\b5c26778e4651bc280b1e3680d7ad0cb.php 第 402 行.
NOTIC: [8] Undefined variable: page E:\zhaozhao\Application\Runtime\Cache\Home\b5c26778e4651bc280b1e3680d7ad0cb.php 第 480 行.
INFO: Run Behavior\ParseTemplateBehavior [ RunTime:0.010483s ]
INFO: [ view_parse ] --END-- [ RunTime:0.010517s ]
INFO: [ view_filter ] --START--
INFO: Run Behavior\WriteHtmlCacheBehavior [ RunTime:0.000248s ]
INFO: [ view_filter ] --END-- [ RunTime:0.000272s ]
INFO: [ app_end ] --START--
INFO: Run Behavior\ShowPageTraceBehavior [ RunTime:0.000582s ]
INFO: [ app_end ] --END-- [ RunTime:0.000633s ]

[ 2017-04-05T22:46:00+08:00 ] 127.0.0.1 /index.php/Search/com_index.html?keyword=&city=&stage=&trade=clean
ERR: 1054:Unknown column 'c.city' in 'where clause'
 [ SQL语句 ] : SELECT COUNT(*) AS tp_count FROM `lg_company` left join (lg_stage s) on (c.stage = s.type)  WHERE c.city = '北京' LIMIT 1  

[ 2017-04-05T22:47:41+08:00 ] 127.0.0.1 /index.php/Search/com_index.html?keyword=&city=&stage=&trade=clean
ERR: 1054:Unknown column 'c.city' in 'where clause'
 [ SQL语句 ] : SELECT COUNT(*) AS tp_count FROM `lg_company` left join (lg_stage s) on (c.stage = s.type)  WHERE c.city = '北京' LIMIT 1  

[ 2017-04-05T22:48:02+08:00 ] 127.0.0.1 /index.php/Search/com_index.html?keyword=&city=&stage=&trade=clean
ERR: 1054:Unknown column 'c.city' in 'where clause'
 [ SQL语句 ] : SELECT COUNT(*) AS tp_count FROM `lg_company` left join (lg_stage s) on (c.stage = s.type)  WHERE c.city = '北京' LIMIT 1  

[ 2017-04-05T22:48:09+08:00 ] 127.0.0.1 /index.php/Search/com_index.html?keyword=&city=&stage=&trade=clean
ERR: 1054:Unknown column 'c.city' in 'where clause'
 [ SQL语句 ] : SELECT COUNT(*) AS tp_count FROM `lg_company` left join (lg_stage s) on (c.stage = s.type)  WHERE c.city = '北京' LIMIT 1  

[ 2017-04-05T22:49:50+08:00 ] 127.0.0.1 /index.php/Search/com_index.html?keyword=&city=&stage=&trade=clean
ERR: 1054:Unknown column 'c.city' in 'where clause'
 [ SQL语句 ] : SELECT COUNT(*) AS tp_count FROM `lg_company` left join (lg_stage s) on (c.stage = s.type)  WHERE c.city = '北京' LIMIT 1  

