[ 2017-04-02T00:02:10+08:00 ] 127.0.0.1 /index.php/Search/index//suggest.json?query=la
INFO: [ app_begin ] --START--
INFO: Run Behavior\ReadHtmlCacheBehavior [ RunTime:0.000501s ]
INFO: [ app_begin ] --END-- [ RunTime:0.000822s ]
NOTIC: [8] Undefined index: name E:\zhaozhao\Application\Home\Controller\SearchController.class.php 第 21 行.
INFO: [ view_parse ] --START--
INFO: [ template_filter ] --START--
INFO: Run Behavior\ContentReplaceBehavior [ RunTime:0.000126s ]
INFO: [ template_filter ] --END-- [ RunTime:0.000168s ]
NOTIC: [8] Undefined index: all E:\zhaozhao\Application\Runtime\Cache\Home\b5c26778e4651bc280b1e3680d7ad0cb.php 第 71 行.
NOTIC: [8] Undefined index: salary E:\zhaozhao\Application\Runtime\Cache\Home\b5c26778e4651bc280b1e3680d7ad0cb.php 第 74 行.
NOTIC: [8] Undefined index: workyear E:\zhaozhao\Application\Runtime\Cache\Home\b5c26778e4651bc280b1e3680d7ad0cb.php 第 77 行.
NOTIC: [8] Undefined index: city E:\zhaozhao\Application\Runtime\Cache\Home\b5c26778e4651bc280b1e3680d7ad0cb.php 第 80 行.
NOTIC: [8] Undefined index: edu E:\zhaozhao\Application\Runtime\Cache\Home\b5c26778e4651bc280b1e3680d7ad0cb.php 第 83 行.
NOTIC: [8] Undefined index: nature E:\zhaozhao\Application\Runtime\Cache\Home\b5c26778e4651bc280b1e3680d7ad0cb.php 第 86 行.
NOTIC: [8] Undefined index: salary E:\zhaozhao\Application\Runtime\Cache\Home\b5c26778e4651bc280b1e3680d7ad0cb.php 第 92 行.
NOTIC: [8] Undefined index: workyear E:\zhaozhao\Application\Runtime\Cache\Home\b5c26778e4651bc280b1e3680d7ad0cb.php 第 93 行.
NOTIC: [8] Undefined index: city E:\zhaozhao\Application\Runtime\Cache\Home\b5c26778e4651bc280b1e3680d7ad0cb.php 第 94 行.
NOTIC: [8] Undefined index: edu E:\zhaozhao\Application\Runtime\Cache\Home\b5c26778e4651bc280b1e3680d7ad0cb.php 第 95 行.
NOTIC: [8] Undefined index: nature E:\zhaozhao\Application\Runtime\Cache\Home\b5c26778e4651bc280b1e3680d7ad0cb.php 第 96 行.
NOTIC: [8] Undefined variable: result E:\zhaozhao\Application\Runtime\Cache\Home\b5c26778e4651bc280b1e3680d7ad0cb.php 第 402 行.
NOTIC: [8] Undefined variable: page E:\zhaozhao\Application\Runtime\Cache\Home\b5c26778e4651bc280b1e3680d7ad0cb.php 第 480 行.
INFO: Run Behavior\ParseTemplateBehavior [ RunTime:0.012467s ]
INFO: [ view_parse ] --END-- [ RunTime:0.012507s ]
INFO: [ view_filter ] --START--
INFO: Run Behavior\WriteHtmlCacheBehavior [ RunTime:0.000309s ]
INFO: [ view_filter ] --END-- [ RunTime:0.000340s ]
INFO: [ app_end ] --START--
INFO: Run Behavior\ShowPageTraceBehavior [ RunTime:0.000570s ]
INFO: [ app_end ] --END-- [ RunTime:0.000617s ]

[ 2017-04-02T00:02:11+08:00 ] 127.0.0.1 /index.php/Search/index//suggest.json?query=lagou
INFO: [ app_begin ] --START--
INFO: Run Behavior\ReadHtmlCacheBehavior [ RunTime:0.000628s ]
INFO: [ app_begin ] --END-- [ RunTime:0.001125s ]
NOTIC: [8] Undefined index: name E:\zhaozhao\Application\Home\Controller\SearchController.class.php 第 21 行.
INFO: [ view_parse ] --START--
INFO: [ template_filter ] --START--
INFO: Run Behavior\ContentReplaceBehavior [ RunTime:0.000143s ]
INFO: [ template_filter ] --END-- [ RunTime:0.000194s ]
NOTIC: [8] Undefined index: all E:\zhaozhao\Application\Runtime\Cache\Home\b5c26778e4651bc280b1e3680d7ad0cb.php 第 71 行.
NOTIC: [8] Undefined index: salary E:\zhaozhao\Application\Runtime\Cache\Home\b5c26778e4651bc280b1e3680d7ad0cb.php 第 74 行.
NOTIC: [8] Undefined index: workyear E:\zhaozhao\Application\Runtime\Cache\Home\b5c26778e4651bc280b1e3680d7ad0cb.php 第 77 行.
NOTIC: [8] Undefined index: city E:\zhaozhao\Application\Runtime\Cache\Home\b5c26778e4651bc280b1e3680d7ad0cb.php 第 80 行.
NOTIC: [8] Undefined index: edu E:\zhaozhao\Application\Runtime\Cache\Home\b5c26778e4651bc280b1e3680d7ad0cb.php 第 83 行.
NOTIC: [8] Undefined index: nature E:\zhaozhao\Application\Runtime\Cache\Home\b5c26778e4651bc280b1e3680d7ad0cb.php 第 86 行.
NOTIC: [8] Undefined index: salary E:\zhaozhao\Application\Runtime\Cache\Home\b5c26778e4651bc280b1e3680d7ad0cb.php 第 92 行.
NOTIC: [8] Undefined index: workyear E:\zhaozhao\Application\Runtime\Cache\Home\b5c26778e4651bc280b1e3680d7ad0cb.php 第 93 行.
NOTIC: [8] Undefined index: city E:\zhaozhao\Application\Runtime\Cache\Home\b5c26778e4651bc280b1e3680d7ad0cb.php 第 94 行.
NOTIC: [8] Undefined index: edu E:\zhaozhao\Application\Runtime\Cache\Home\b5c26778e4651bc280b1e3680d7ad0cb.php 第 95 行.
NOTIC: [8] Undefined index: nature E:\zhaozhao\Application\Runtime\Cache\Home\b5c26778e4651bc280b1e3680d7ad0cb.php 第 96 行.
NOTIC: [8] Undefined variable: result E:\zhaozhao\Application\Runtime\Cache\Home\b5c26778e4651bc280b1e3680d7ad0cb.php 第 402 行.
NOTIC: [8] Undefined variable: page E:\zhaozhao\Application\Runtime\Cache\Home\b5c26778e4651bc280b1e3680d7ad0cb.php 第 480 行.
INFO: Run Behavior\ParseTemplateBehavior [ RunTime:0.018153s ]
INFO: [ view_parse ] --END-- [ RunTime:0.018228s ]
INFO: [ view_filter ] --START--
INFO: Run Behavior\WriteHtmlCacheBehavior [ RunTime:0.000299s ]
INFO: [ view_filter ] --END-- [ RunTime:0.000349s ]
INFO: [ app_end ] --START--
INFO: Run Behavior\ShowPageTraceBehavior [ RunTime:0.000691s ]
INFO: [ app_end ] --END-- [ RunTime:0.000767s ]

[ 2017-04-02T00:02:11+08:00 ] 127.0.0.1 /index.php/Search/index//suggest.json?query=lago
INFO: [ app_begin ] --START--
INFO: Run Behavior\ReadHtmlCacheBehavior [ RunTime:0.000395s ]
INFO: [ app_begin ] --END-- [ RunTime:0.000674s ]
NOTIC: [8] Undefined index: name E:\zhaozhao\Application\Home\Controller\SearchController.class.php 第 21 行.
INFO: [ view_parse ] --START--
INFO: [ template_filter ] --START--
INFO: Run Behavior\ContentReplaceBehavior [ RunTime:0.000124s ]
INFO: [ template_filter ] --END-- [ RunTime:0.000167s ]
NOTIC: [8] Undefined index: all E:\zhaozhao\Application\Runtime\Cache\Home\b5c26778e4651bc280b1e3680d7ad0cb.php 第 71 行.
NOTIC: [8] Undefined index: salary E:\zhaozhao\Application\Runtime\Cache\Home\b5c26778e4651bc280b1e3680d7ad0cb.php 第 74 行.
NOTIC: [8] Undefined index: workyear E:\zhaozhao\Application\Runtime\Cache\Home\b5c26778e4651bc280b1e3680d7ad0cb.php 第 77 行.
NOTIC: [8] Undefined index: city E:\zhaozhao\Application\Runtime\Cache\Home\b5c26778e4651bc280b1e3680d7ad0cb.php 第 80 行.
NOTIC: [8] Undefined index: edu E:\zhaozhao\Application\Runtime\Cache\Home\b5c26778e4651bc280b1e3680d7ad0cb.php 第 83 行.
NOTIC: [8] Undefined index: nature E:\zhaozhao\Application\Runtime\Cache\Home\b5c26778e4651bc280b1e3680d7ad0cb.php 第 86 行.
NOTIC: [8] Undefined index: salary E:\zhaozhao\Application\Runtime\Cache\Home\b5c26778e4651bc280b1e3680d7ad0cb.php 第 92 行.
NOTIC: [8] Undefined index: workyear E:\zhaozhao\Application\Runtime\Cache\Home\b5c26778e4651bc280b1e3680d7ad0cb.php 第 93 行.
NOTIC: [8] Undefined index: city E:\zhaozhao\Application\Runtime\Cache\Home\b5c26778e4651bc280b1e3680d7ad0cb.php 第 94 行.
NOTIC: [8] Undefined index: edu E:\zhaozhao\Application\Runtime\Cache\Home\b5c26778e4651bc280b1e3680d7ad0cb.php 第 95 行.
NOTIC: [8] Undefined index: nature E:\zhaozhao\Application\Runtime\Cache\Home\b5c26778e4651bc280b1e3680d7ad0cb.php 第 96 行.
NOTIC: [8] Undefined variable: result E:\zhaozhao\Application\Runtime\Cache\Home\b5c26778e4651bc280b1e3680d7ad0cb.php 第 402 行.
NOTIC: [8] Undefined variable: page E:\zhaozhao\Application\Runtime\Cache\Home\b5c26778e4651bc280b1e3680d7ad0cb.php 第 480 行.
INFO: Run Behavior\ParseTemplateBehavior [ RunTime:0.011922s ]
INFO: [ view_parse ] --END-- [ RunTime:0.011964s ]
INFO: [ view_filter ] --START--
INFO: Run Behavior\WriteHtmlCacheBehavior [ RunTime:0.000222s ]
INFO: [ view_filter ] --END-- [ RunTime:0.000252s ]
INFO: [ app_end ] --START--
INFO: Run Behavior\ShowPageTraceBehavior [ RunTime:0.000487s ]
INFO: [ app_end ] --END-- [ RunTime:0.000532s ]

[ 2017-04-02T00:02:17+08:00 ] 127.0.0.1 /index.php/Search/index//suggest.json?query=%E6%8B%89%E5%8B%BE
INFO: [ app_begin ] --START--
INFO: Run Behavior\ReadHtmlCacheBehavior [ RunTime:0.000377s ]
INFO: [ app_begin ] --END-- [ RunTime:0.000655s ]
NOTIC: [8] Undefined index: name E:\zhaozhao\Application\Home\Controller\SearchController.class.php 第 21 行.
INFO: [ view_parse ] --START--
INFO: [ template_filter ] --START--
INFO: Run Behavior\ContentReplaceBehavior [ RunTime:0.000124s ]
INFO: [ template_filter ] --END-- [ RunTime:0.000165s ]
NOTIC: [8] Undefined index: all E:\zhaozhao\Application\Runtime\Cache\Home\b5c26778e4651bc280b1e3680d7ad0cb.php 第 71 行.
NOTIC: [8] Undefined index: salary E:\zhaozhao\Application\Runtime\Cache\Home\b5c26778e4651bc280b1e3680d7ad0cb.php 第 74 行.
NOTIC: [8] Undefined index: workyear E:\zhaozhao\Application\Runtime\Cache\Home\b5c26778e4651bc280b1e3680d7ad0cb.php 第 77 行.
NOTIC: [8] Undefined index: city E:\zhaozhao\Application\Runtime\Cache\Home\b5c26778e4651bc280b1e3680d7ad0cb.php 第 80 行.
NOTIC: [8] Undefined index: edu E:\zhaozhao\Application\Runtime\Cache\Home\b5c26778e4651bc280b1e3680d7ad0cb.php 第 83 行.
NOTIC: [8] Undefined index: nature E:\zhaozhao\Application\Runtime\Cache\Home\b5c26778e4651bc280b1e3680d7ad0cb.php 第 86 行.
NOTIC: [8] Undefined index: salary E:\zhaozhao\Application\Runtime\Cache\Home\b5c26778e4651bc280b1e3680d7ad0cb.php 第 92 行.
NOTIC: [8] Undefined index: workyear E:\zhaozhao\Application\Runtime\Cache\Home\b5c26778e4651bc280b1e3680d7ad0cb.php 第 93 行.
NOTIC: [8] Undefined index: city E:\zhaozhao\Application\Runtime\Cache\Home\b5c26778e4651bc280b1e3680d7ad0cb.php 第 94 行.
NOTIC: [8] Undefined index: edu E:\zhaozhao\Application\Runtime\Cache\Home\b5c26778e4651bc280b1e3680d7ad0cb.php 第 95 行.
NOTIC: [8] Undefined index: nature E:\zhaozhao\Application\Runtime\Cache\Home\b5c26778e4651bc280b1e3680d7ad0cb.php 第 96 行.
NOTIC: [8] Undefined variable: result E:\zhaozhao\Application\Runtime\Cache\Home\b5c26778e4651bc280b1e3680d7ad0cb.php 第 402 行.
NOTIC: [8] Undefined variable: page E:\zhaozhao\Application\Runtime\Cache\Home\b5c26778e4651bc280b1e3680d7ad0cb.php 第 480 行.
INFO: Run Behavior\ParseTemplateBehavior [ RunTime:0.011800s ]
INFO: [ view_parse ] --END-- [ RunTime:0.011840s ]
INFO: [ view_filter ] --START--
INFO: Run Behavior\WriteHtmlCacheBehavior [ RunTime:0.000204s ]
INFO: [ view_filter ] --END-- [ RunTime:0.000234s ]
INFO: [ app_end ] --START--
INFO: Run Behavior\ShowPageTraceBehavior [ RunTime:0.000472s ]
INFO: [ app_end ] --END-- [ RunTime:0.000518s ]

[ 2017-04-02T08:57:32+08:00 ] 127.0.0.1 /index.php/Search/index//suggest.json?query=jaba
INFO: [ app_begin ] --START--
INFO: Run Behavior\ReadHtmlCacheBehavior [ RunTime:0.000427s ]
INFO: [ app_begin ] --END-- [ RunTime:0.000684s ]
NOTIC: [8] Undefined index: name E:\zhaozhao\Application\Home\Controller\SearchController.class.php 第 21 行.
INFO: [ view_parse ] --START--
INFO: [ template_filter ] --START--
INFO: Run Behavior\ContentReplaceBehavior [ RunTime:0.000123s ]
INFO: [ template_filter ] --END-- [ RunTime:0.000160s ]
NOTIC: [8] Undefined index: all E:\zhaozhao\Application\Runtime\Cache\Home\b5c26778e4651bc280b1e3680d7ad0cb.php 第 71 行.
NOTIC: [8] Undefined index: salary E:\zhaozhao\Application\Runtime\Cache\Home\b5c26778e4651bc280b1e3680d7ad0cb.php 第 74 行.
NOTIC: [8] Undefined index: workyear E:\zhaozhao\Application\Runtime\Cache\Home\b5c26778e4651bc280b1e3680d7ad0cb.php 第 77 行.
NOTIC: [8] Undefined index: city E:\zhaozhao\Application\Runtime\Cache\Home\b5c26778e4651bc280b1e3680d7ad0cb.php 第 80 行.
NOTIC: [8] Undefined index: edu E:\zhaozhao\Application\Runtime\Cache\Home\b5c26778e4651bc280b1e3680d7ad0cb.php 第 83 行.
NOTIC: [8] Undefined index: nature E:\zhaozhao\Application\Runtime\Cache\Home\b5c26778e4651bc280b1e3680d7ad0cb.php 第 86 行.
NOTIC: [8] Undefined index: salary E:\zhaozhao\Application\Runtime\Cache\Home\b5c26778e4651bc280b1e3680d7ad0cb.php 第 92 行.
NOTIC: [8] Undefined index: workyear E:\zhaozhao\Application\Runtime\Cache\Home\b5c26778e4651bc280b1e3680d7ad0cb.php 第 93 行.
NOTIC: [8] Undefined index: city E:\zhaozhao\Application\Runtime\Cache\Home\b5c26778e4651bc280b1e3680d7ad0cb.php 第 94 行.
NOTIC: [8] Undefined index: edu E:\zhaozhao\Application\Runtime\Cache\Home\b5c26778e4651bc280b1e3680d7ad0cb.php 第 95 行.
NOTIC: [8] Undefined index: nature E:\zhaozhao\Application\Runtime\Cache\Home\b5c26778e4651bc280b1e3680d7ad0cb.php 第 96 行.
NOTIC: [8] Undefined variable: result E:\zhaozhao\Application\Runtime\Cache\Home\b5c26778e4651bc280b1e3680d7ad0cb.php 第 402 行.
NOTIC: [8] Undefined variable: page E:\zhaozhao\Application\Runtime\Cache\Home\b5c26778e4651bc280b1e3680d7ad0cb.php 第 480 行.
INFO: Run Behavior\ParseTemplateBehavior [ RunTime:0.010876s ]
INFO: [ view_parse ] --END-- [ RunTime:0.010910s ]
INFO: [ view_filter ] --START--
INFO: Run Behavior\WriteHtmlCacheBehavior [ RunTime:0.000241s ]
INFO: [ view_filter ] --END-- [ RunTime:0.000266s ]
INFO: [ app_end ] --START--
INFO: Run Behavior\ShowPageTraceBehavior [ RunTime:0.000437s ]
INFO: [ app_end ] --END-- [ RunTime:0.000483s ]

[ 2017-04-02T08:59:18+08:00 ] 127.0.0.1 /index.php/Index/jianli.html
ERR: 非法操作:jianli

[ 2017-04-02T21:12:03+08:00 ] 127.0.0.1 /index.php/Index/h/jobs/148393.html
ERR: 非法操作:h

[ 2017-04-02T21:12:10+08:00 ] 127.0.0.1 /index.php/Index/h/c/8250.html
ERR: 非法操作:h

[ 2017-04-02T21:13:35+08:00 ] 127.0.0.1 /index.php/Index/h/jobs/145249.html
ERR: 非法操作:h

[ 2017-04-02T21:13:45+08:00 ] 127.0.0.1 /Uploads/Company/Logo/1.JPEG
ERR: 无法加载控制器:Uploads

[ 2017-04-02T21:13:45+08:00 ] 127.0.0.1 /Uploads/Company/Logo/1.JPEG
ERR: 无法加载控制器:Uploads

[ 2017-04-02T21:18:45+08:00 ] 127.0.0.1 /index.php/Index/h/jobs/148188.html
ERR: 非法操作:h

[ 2017-04-02T21:18:54+08:00 ] 127.0.0.1 /Uploads/Company/Logo/1.JPEG
ERR: 无法加载控制器:Uploads

[ 2017-04-02T21:18:54+08:00 ] 127.0.0.1 /Uploads/Company/Logo/1.JPEG
ERR: 无法加载控制器:Uploads

[ 2017-04-02T21:18:58+08:00 ] 127.0.0.1 /index.php/Index/h/jobs/148838.html
ERR: 非法操作:h

[ 2017-04-02T21:45:31+08:00 ] 127.0.0.1 /index.php/Search/index//suggest.json?query=java
INFO: [ app_begin ] --START--
INFO: Run Behavior\ReadHtmlCacheBehavior [ RunTime:0.000303s ]
INFO: [ app_begin ] --END-- [ RunTime:0.000556s ]
NOTIC: [8] Undefined index: name E:\zhaozhao\Application\Home\Controller\SearchController.class.php 第 21 行.
INFO: [ view_parse ] --START--
INFO: [ template_filter ] --START--
INFO: Run Behavior\ContentReplaceBehavior [ RunTime:0.000112s ]
INFO: [ template_filter ] --END-- [ RunTime:0.000147s ]
NOTIC: [8] Undefined index: all E:\zhaozhao\Application\Runtime\Cache\Home\b5c26778e4651bc280b1e3680d7ad0cb.php 第 71 行.
NOTIC: [8] Undefined index: workyear E:\zhaozhao\Application\Runtime\Cache\Home\b5c26778e4651bc280b1e3680d7ad0cb.php 第 77 行.
NOTIC: [8] Undefined index: city E:\zhaozhao\Application\Runtime\Cache\Home\b5c26778e4651bc280b1e3680d7ad0cb.php 第 80 行.
NOTIC: [8] Undefined index: edu E:\zhaozhao\Application\Runtime\Cache\Home\b5c26778e4651bc280b1e3680d7ad0cb.php 第 83 行.
NOTIC: [8] Undefined index: nature E:\zhaozhao\Application\Runtime\Cache\Home\b5c26778e4651bc280b1e3680d7ad0cb.php 第 86 行.
NOTIC: [8] Undefined index: workyear E:\zhaozhao\Application\Runtime\Cache\Home\b5c26778e4651bc280b1e3680d7ad0cb.php 第 93 行.
NOTIC: [8] Undefined index: city E:\zhaozhao\Application\Runtime\Cache\Home\b5c26778e4651bc280b1e3680d7ad0cb.php 第 94 行.
NOTIC: [8] Undefined index: edu E:\zhaozhao\Application\Runtime\Cache\Home\b5c26778e4651bc280b1e3680d7ad0cb.php 第 95 行.
NOTIC: [8] Undefined index: nature E:\zhaozhao\Application\Runtime\Cache\Home\b5c26778e4651bc280b1e3680d7ad0cb.php 第 96 行.
NOTIC: [8] Undefined variable: result E:\zhaozhao\Application\Runtime\Cache\Home\b5c26778e4651bc280b1e3680d7ad0cb.php 第 402 行.
NOTIC: [8] Undefined variable: page E:\zhaozhao\Application\Runtime\Cache\Home\b5c26778e4651bc280b1e3680d7ad0cb.php 第 480 行.
INFO: Run Behavior\ParseTemplateBehavior [ RunTime:0.009736s ]
INFO: [ view_parse ] --END-- [ RunTime:0.009770s ]
INFO: [ view_filter ] --START--
INFO: Run Behavior\WriteHtmlCacheBehavior [ RunTime:0.000192s ]
INFO: [ view_filter ] --END-- [ RunTime:0.000216s ]
INFO: [ app_end ] --START--
INFO: Run Behavior\ShowPageTraceBehavior [ RunTime:0.000338s ]
INFO: [ app_end ] --END-- [ RunTime:0.000372s ]

[ 2017-04-02T21:53:55+08:00 ] 127.0.0.1 /index.php/Search/index//suggest.json?query=jdgf
INFO: [ app_begin ] --START--
INFO: Run Behavior\ReadHtmlCacheBehavior [ RunTime:0.000301s ]
INFO: [ app_begin ] --END-- [ RunTime:0.000525s ]
NOTIC: [8] Undefined index: name E:\zhaozhao\Application\Home\Controller\SearchController.class.php 第 24 行.
INFO: [ view_parse ] --START--
INFO: [ template_filter ] --START--
INFO: Run Behavior\ContentReplaceBehavior [ RunTime:0.000102s ]
INFO: [ template_filter ] --END-- [ RunTime:0.000136s ]
NOTIC: [8] Undefined index: all E:\zhaozhao\Application\Runtime\Cache\Home\b5c26778e4651bc280b1e3680d7ad0cb.php 第 71 行.
NOTIC: [8] Undefined index: salary E:\zhaozhao\Application\Runtime\Cache\Home\b5c26778e4651bc280b1e3680d7ad0cb.php 第 74 行.
NOTIC: [8] Undefined index: workyear E:\zhaozhao\Application\Runtime\Cache\Home\b5c26778e4651bc280b1e3680d7ad0cb.php 第 77 行.
NOTIC: [8] Undefined index: city E:\zhaozhao\Application\Runtime\Cache\Home\b5c26778e4651bc280b1e3680d7ad0cb.php 第 80 行.
NOTIC: [8] Undefined index: edu E:\zhaozhao\Application\Runtime\Cache\Home\b5c26778e4651bc280b1e3680d7ad0cb.php 第 83 行.
NOTIC: [8] Undefined index: nature E:\zhaozhao\Application\Runtime\Cache\Home\b5c26778e4651bc280b1e3680d7ad0cb.php 第 86 行.
NOTIC: [8] Undefined index: salary E:\zhaozhao\Application\Runtime\Cache\Home\b5c26778e4651bc280b1e3680d7ad0cb.php 第 92 行.
NOTIC: [8] Undefined index: workyear E:\zhaozhao\Application\Runtime\Cache\Home\b5c26778e4651bc280b1e3680d7ad0cb.php 第 93 行.
NOTIC: [8] Undefined index: city E:\zhaozhao\Application\Runtime\Cache\Home\b5c26778e4651bc280b1e3680d7ad0cb.php 第 94 行.
NOTIC: [8] Undefined index: edu E:\zhaozhao\Application\Runtime\Cache\Home\b5c26778e4651bc280b1e3680d7ad0cb.php 第 95 行.
NOTIC: [8] Undefined index: nature E:\zhaozhao\Application\Runtime\Cache\Home\b5c26778e4651bc280b1e3680d7ad0cb.php 第 96 行.
NOTIC: [8] Undefined variable: result E:\zhaozhao\Application\Runtime\Cache\Home\b5c26778e4651bc280b1e3680d7ad0cb.php 第 402 行.
NOTIC: [8] Undefined variable: page E:\zhaozhao\Application\Runtime\Cache\Home\b5c26778e4651bc280b1e3680d7ad0cb.php 第 480 行.
INFO: Run Behavior\ParseTemplateBehavior [ RunTime:0.009942s ]
INFO: [ view_parse ] --END-- [ RunTime:0.009975s ]
INFO: [ view_filter ] --START--
INFO: Run Behavior\WriteHtmlCacheBehavior [ RunTime:0.000165s ]
INFO: [ view_filter ] --END-- [ RunTime:0.000190s ]
INFO: [ app_end ] --START--
INFO: Run Behavior\ShowPageTraceBehavior [ RunTime:0.000346s ]
INFO: [ app_end ] --END-- [ RunTime:0.000381s ]

[ 2017-04-02T21:54:17+08:00 ] 127.0.0.1 /index.php/Search/index//suggest.json?query=jajva
INFO: [ app_begin ] --START--
INFO: Run Behavior\ReadHtmlCacheBehavior [ RunTime:0.000300s ]
INFO: [ app_begin ] --END-- [ RunTime:0.000523s ]
NOTIC: [8] Undefined index: name E:\zhaozhao\Application\Home\Controller\SearchController.class.php 第 24 行.
INFO: [ view_parse ] --START--
INFO: [ template_filter ] --START--
INFO: Run Behavior\ContentReplaceBehavior [ RunTime:0.000102s ]
INFO: [ template_filter ] --END-- [ RunTime:0.000133s ]
NOTIC: [8] Undefined index: all E:\zhaozhao\Application\Runtime\Cache\Home\b5c26778e4651bc280b1e3680d7ad0cb.php 第 71 行.
NOTIC: [8] Undefined index: salary E:\zhaozhao\Application\Runtime\Cache\Home\b5c26778e4651bc280b1e3680d7ad0cb.php 第 74 行.
NOTIC: [8] Undefined index: workyear E:\zhaozhao\Application\Runtime\Cache\Home\b5c26778e4651bc280b1e3680d7ad0cb.php 第 77 行.
NOTIC: [8] Undefined index: city E:\zhaozhao\Application\Runtime\Cache\Home\b5c26778e4651bc280b1e3680d7ad0cb.php 第 80 行.
NOTIC: [8] Undefined index: edu E:\zhaozhao\Application\Runtime\Cache\Home\b5c26778e4651bc280b1e3680d7ad0cb.php 第 83 行.
NOTIC: [8] Undefined index: nature E:\zhaozhao\Application\Runtime\Cache\Home\b5c26778e4651bc280b1e3680d7ad0cb.php 第 86 行.
NOTIC: [8] Undefined index: salary E:\zhaozhao\Application\Runtime\Cache\Home\b5c26778e4651bc280b1e3680d7ad0cb.php 第 92 行.
NOTIC: [8] Undefined index: workyear E:\zhaozhao\Application\Runtime\Cache\Home\b5c26778e4651bc280b1e3680d7ad0cb.php 第 93 行.
NOTIC: [8] Undefined index: city E:\zhaozhao\Application\Runtime\Cache\Home\b5c26778e4651bc280b1e3680d7ad0cb.php 第 94 行.
NOTIC: [8] Undefined index: edu E:\zhaozhao\Application\Runtime\Cache\Home\b5c26778e4651bc280b1e3680d7ad0cb.php 第 95 行.
NOTIC: [8] Undefined index: nature E:\zhaozhao\Application\Runtime\Cache\Home\b5c26778e4651bc280b1e3680d7ad0cb.php 第 96 行.
NOTIC: [8] Undefined variable: result E:\zhaozhao\Application\Runtime\Cache\Home\b5c26778e4651bc280b1e3680d7ad0cb.php 第 402 行.
NOTIC: [8] Undefined variable: page E:\zhaozhao\Application\Runtime\Cache\Home\b5c26778e4651bc280b1e3680d7ad0cb.php 第 480 行.
INFO: Run Behavior\ParseTemplateBehavior [ RunTime:0.009832s ]
INFO: [ view_parse ] --END-- [ RunTime:0.009865s ]
INFO: [ view_filter ] --START--
INFO: Run Behavior\WriteHtmlCacheBehavior [ RunTime:0.000168s ]
INFO: [ view_filter ] --END-- [ RunTime:0.000192s ]
INFO: [ app_end ] --START--
INFO: Run Behavior\ShowPageTraceBehavior [ RunTime:0.000355s ]
INFO: [ app_end ] --END-- [ RunTime:0.000393s ]

