[ 2017-03-18T00:52:47+08:00 ] 127.0.0.1 /
INFO: [ app_init ] --START--
INFO: Run Behavior\BuildLiteBehavior [ RunTime:0.000013s ]
INFO: [ app_init ] --END-- [ RunTime:0.000359s ]
INFO: [ app_begin ] --START--
INFO: Run Behavior\ReadHtmlCacheBehavior [ RunTime:0.000497s ]
INFO: [ app_begin ] --END-- [ RunTime:0.000546s ]
SQL: SHOW COLUMNS FROM `lg_job_category` [ RunTime:0.0137s ]
SQL: SELECT * FROM `lg_job_category`  [ RunTime:0.0031s ]
SQL: SHOW COLUMNS FROM `lg_job` [ RunTime:0.0097s ]
SQL: SELECT * FROM `lg_job` ORDER BY create_time desc LIMIT 0,15   [ RunTime:0.0039s ]
INFO: [ view_parse ] --START--
INFO: [ template_filter ] --START--
INFO: Run Behavior\ContentReplaceBehavior [ RunTime:0.001309s ]
INFO: [ template_filter ] --END-- [ RunTime:0.001487s ]
NOTIC: [8] Undefined variable: cate1 E:\zhaozhao\Application\Runtime\Cache\Home\6c5f7d6f4e2907317bd8382743d85649.php 第 78 行.
NOTIC: [8] Undefined variable: cate1 E:\zhaozhao\Application\Runtime\Cache\Home\6c5f7d6f4e2907317bd8382743d85649.php 第 78 行.
NOTIC: [8] Undefined variable: cate1 E:\zhaozhao\Application\Runtime\Cache\Home\6c5f7d6f4e2907317bd8382743d85649.php 第 78 行.
NOTIC: [8] Undefined variable: cate1 E:\zhaozhao\Application\Runtime\Cache\Home\6c5f7d6f4e2907317bd8382743d85649.php 第 78 行.
NOTIC: [8] Undefined variable: cate1 E:\zhaozhao\Application\Runtime\Cache\Home\6c5f7d6f4e2907317bd8382743d85649.php 第 78 行.
NOTIC: [8] Undefined variable: cate1 E:\zhaozhao\Application\Runtime\Cache\Home\6c5f7d6f4e2907317bd8382743d85649.php 第 78 行.
INFO: Run Behavior\ParseTemplateBehavior [ RunTime:0.073176s ]
INFO: [ view_parse ] --END-- [ RunTime:0.073356s ]
INFO: [ view_filter ] --START--
INFO: Run Behavior\WriteHtmlCacheBehavior [ RunTime:0.001460s ]
INFO: [ view_filter ] --END-- [ RunTime:0.001605s ]
NOTIC: [2] Cannot modify header information - headers already sent by (output started at E:\zhaozhao\Application\Home\Controller\IndexController.class.php:12) E:\zhaozhao\ThinkPHP\Library\Think\View.class.php 第 91 行.
NOTIC: [2] Cannot modify header information - headers already sent by (output started at E:\zhaozhao\Application\Home\Controller\IndexController.class.php:12) E:\zhaozhao\ThinkPHP\Library\Think\View.class.php 第 92 行.
NOTIC: [2] Cannot modify header information - headers already sent by (output started at E:\zhaozhao\Application\Home\Controller\IndexController.class.php:12) E:\zhaozhao\ThinkPHP\Library\Think\View.class.php 第 93 行.
INFO: [ app_end ] --START--
INFO: Run Behavior\ShowPageTraceBehavior [ RunTime:0.000779s ]
INFO: [ app_end ] --END-- [ RunTime:0.000931s ]

[ 2017-03-18T00:54:21+08:00 ] 127.0.0.1 /
INFO: [ app_init ] --START--
INFO: Run Behavior\BuildLiteBehavior [ RunTime:0.000011s ]
INFO: [ app_init ] --END-- [ RunTime:0.000301s ]
INFO: [ app_begin ] --START--
INFO: Run Behavior\ReadHtmlCacheBehavior [ RunTime:0.000488s ]
INFO: [ app_begin ] --END-- [ RunTime:0.000574s ]
SQL: SHOW COLUMNS FROM `lg_job_category` [ RunTime:0.0150s ]
SQL: SELECT * FROM `lg_job_category`  [ RunTime:0.0039s ]
SQL: SHOW COLUMNS FROM `lg_job` [ RunTime:0.0095s ]
SQL: SELECT * FROM `lg_job` ORDER BY create_time desc LIMIT 0,15   [ RunTime:0.0037s ]
INFO: [ view_parse ] --START--
INFO: [ template_filter ] --START--
INFO: Run Behavior\ContentReplaceBehavior [ RunTime:0.000879s ]
INFO: [ template_filter ] --END-- [ RunTime:0.001057s ]
NOTIC: [8] Undefined variable: cate1 E:\zhaozhao\Application\Runtime\Cache\Home\6c5f7d6f4e2907317bd8382743d85649.php 第 78 行.
NOTIC: [8] Undefined variable: cate1 E:\zhaozhao\Application\Runtime\Cache\Home\6c5f7d6f4e2907317bd8382743d85649.php 第 78 行.
NOTIC: [8] Undefined variable: cate1 E:\zhaozhao\Application\Runtime\Cache\Home\6c5f7d6f4e2907317bd8382743d85649.php 第 78 行.
NOTIC: [8] Undefined variable: cate1 E:\zhaozhao\Application\Runtime\Cache\Home\6c5f7d6f4e2907317bd8382743d85649.php 第 78 行.
NOTIC: [8] Undefined variable: cate1 E:\zhaozhao\Application\Runtime\Cache\Home\6c5f7d6f4e2907317bd8382743d85649.php 第 78 行.
NOTIC: [8] Undefined variable: cate1 E:\zhaozhao\Application\Runtime\Cache\Home\6c5f7d6f4e2907317bd8382743d85649.php 第 78 行.
INFO: Run Behavior\ParseTemplateBehavior [ RunTime:0.075821s ]
INFO: [ view_parse ] --END-- [ RunTime:0.075975s ]
INFO: [ view_filter ] --START--
INFO: Run Behavior\WriteHtmlCacheBehavior [ RunTime:0.001036s ]
INFO: [ view_filter ] --END-- [ RunTime:0.001145s ]
INFO: [ app_end ] --START--
INFO: Run Behavior\ShowPageTraceBehavior [ RunTime:0.009207s ]
INFO: [ app_end ] --END-- [ RunTime:0.009546s ]

[ 2017-03-18T00:54:37+08:00 ] 127.0.0.1 /
INFO: [ app_init ] --START--
INFO: Run Behavior\BuildLiteBehavior [ RunTime:0.000012s ]
INFO: [ app_init ] --END-- [ RunTime:0.000307s ]
INFO: [ app_begin ] --START--
INFO: Run Behavior\ReadHtmlCacheBehavior [ RunTime:0.000377s ]
INFO: [ app_begin ] --END-- [ RunTime:0.000424s ]
SQL: SHOW COLUMNS FROM `lg_job_category` [ RunTime:0.0136s ]
SQL: SELECT * FROM `lg_job_category`  [ RunTime:0.0031s ]
SQL: SHOW COLUMNS FROM `lg_job` [ RunTime:0.0104s ]
SQL: SELECT * FROM `lg_job` ORDER BY create_time desc LIMIT 0,15   [ RunTime:0.0031s ]
INFO: [ view_parse ] --START--
INFO: [ template_filter ] --START--
INFO: Run Behavior\ContentReplaceBehavior [ RunTime:0.001494s ]
INFO: [ template_filter ] --END-- [ RunTime:0.001694s ]
NOTIC: [8] Undefined variable: cate1 E:\zhaozhao\Application\Runtime\Cache\Home\6c5f7d6f4e2907317bd8382743d85649.php 第 78 行.
NOTIC: [8] Undefined variable: cate1 E:\zhaozhao\Application\Runtime\Cache\Home\6c5f7d6f4e2907317bd8382743d85649.php 第 78 行.
NOTIC: [8] Undefined variable: cate1 E:\zhaozhao\Application\Runtime\Cache\Home\6c5f7d6f4e2907317bd8382743d85649.php 第 78 行.
NOTIC: [8] Undefined variable: cate1 E:\zhaozhao\Application\Runtime\Cache\Home\6c5f7d6f4e2907317bd8382743d85649.php 第 78 行.
NOTIC: [8] Undefined variable: cate1 E:\zhaozhao\Application\Runtime\Cache\Home\6c5f7d6f4e2907317bd8382743d85649.php 第 78 行.
NOTIC: [8] Undefined variable: cate1 E:\zhaozhao\Application\Runtime\Cache\Home\6c5f7d6f4e2907317bd8382743d85649.php 第 78 行.
INFO: Run Behavior\ParseTemplateBehavior [ RunTime:0.083206s ]
INFO: [ view_parse ] --END-- [ RunTime:0.083340s ]
INFO: [ view_filter ] --START--
INFO: Run Behavior\WriteHtmlCacheBehavior [ RunTime:0.001032s ]
INFO: [ view_filter ] --END-- [ RunTime:0.001147s ]
INFO: [ app_end ] --START--
INFO: Run Behavior\ShowPageTraceBehavior [ RunTime:0.006165s ]
INFO: [ app_end ] --END-- [ RunTime:0.006707s ]

[ 2017-03-18T00:54:56+08:00 ] 127.0.0.1 /
INFO: [ app_init ] --START--
INFO: Run Behavior\BuildLiteBehavior [ RunTime:0.000013s ]
INFO: [ app_init ] --END-- [ RunTime:0.000349s ]
INFO: [ app_begin ] --START--
INFO: Run Behavior\ReadHtmlCacheBehavior [ RunTime:0.000487s ]
INFO: [ app_begin ] --END-- [ RunTime:0.000534s ]
SQL: SHOW COLUMNS FROM `lg_job_category` [ RunTime:0.0137s ]
SQL: SELECT * FROM `lg_job_category`  [ RunTime:0.0029s ]
SQL: SHOW COLUMNS FROM `lg_job` [ RunTime:0.0100s ]
SQL: SELECT * FROM `lg_job` ORDER BY create_time desc LIMIT 0,15   [ RunTime:0.0032s ]
INFO: [ view_parse ] --START--
INFO: [ template_filter ] --START--
INFO: Run Behavior\ContentReplaceBehavior [ RunTime:0.000769s ]
INFO: [ template_filter ] --END-- [ RunTime:0.000872s ]
NOTIC: [8] Undefined variable: cate1 E:\zhaozhao\Application\Runtime\Cache\Home\6c5f7d6f4e2907317bd8382743d85649.php 第 78 行.
NOTIC: [8] Undefined variable: cate1 E:\zhaozhao\Application\Runtime\Cache\Home\6c5f7d6f4e2907317bd8382743d85649.php 第 78 行.
NOTIC: [8] Undefined variable: cate1 E:\zhaozhao\Application\Runtime\Cache\Home\6c5f7d6f4e2907317bd8382743d85649.php 第 78 行.
NOTIC: [8] Undefined variable: cate1 E:\zhaozhao\Application\Runtime\Cache\Home\6c5f7d6f4e2907317bd8382743d85649.php 第 78 行.
NOTIC: [8] Undefined variable: cate1 E:\zhaozhao\Application\Runtime\Cache\Home\6c5f7d6f4e2907317bd8382743d85649.php 第 78 行.
NOTIC: [8] Undefined variable: cate1 E:\zhaozhao\Application\Runtime\Cache\Home\6c5f7d6f4e2907317bd8382743d85649.php 第 78 行.
INFO: Run Behavior\ParseTemplateBehavior [ RunTime:0.062151s ]
INFO: [ view_parse ] --END-- [ RunTime:0.062266s ]
INFO: [ view_filter ] --START--
INFO: Run Behavior\WriteHtmlCacheBehavior [ RunTime:0.000677s ]
INFO: [ view_filter ] --END-- [ RunTime:0.000753s ]
INFO: [ app_end ] --START--
INFO: Run Behavior\ShowPageTraceBehavior [ RunTime:0.003869s ]
INFO: [ app_end ] --END-- [ RunTime:0.004064s ]

[ 2017-03-18T00:55:33+08:00 ] 127.0.0.1 /
INFO: [ app_init ] --START--
INFO: Run Behavior\BuildLiteBehavior [ RunTime:0.000013s ]
INFO: [ app_init ] --END-- [ RunTime:0.000308s ]
INFO: [ app_begin ] --START--
INFO: Run Behavior\ReadHtmlCacheBehavior [ RunTime:0.000379s ]
INFO: [ app_begin ] --END-- [ RunTime:0.000426s ]
SQL: SHOW COLUMNS FROM `lg_job_category` [ RunTime:0.0134s ]
SQL: SELECT * FROM `lg_job_category`  [ RunTime:0.0041s ]
SQL: SHOW COLUMNS FROM `lg_job` [ RunTime:0.0096s ]
SQL: SELECT * FROM `lg_job` ORDER BY create_time desc LIMIT 0,15   [ RunTime:0.0036s ]
INFO: [ view_parse ] --START--
INFO: [ template_filter ] --START--
INFO: Run Behavior\ContentReplaceBehavior [ RunTime:0.001253s ]
INFO: [ template_filter ] --END-- [ RunTime:0.001409s ]
NOTIC: [8] Undefined variable: cate1 E:\zhaozhao\Application\Runtime\Cache\Home\6c5f7d6f4e2907317bd8382743d85649.php 第 78 行.
NOTIC: [8] Undefined variable: cate1 E:\zhaozhao\Application\Runtime\Cache\Home\6c5f7d6f4e2907317bd8382743d85649.php 第 78 行.
NOTIC: [8] Undefined variable: cate1 E:\zhaozhao\Application\Runtime\Cache\Home\6c5f7d6f4e2907317bd8382743d85649.php 第 78 行.
NOTIC: [8] Undefined variable: cate1 E:\zhaozhao\Application\Runtime\Cache\Home\6c5f7d6f4e2907317bd8382743d85649.php 第 78 行.
NOTIC: [8] Undefined variable: cate1 E:\zhaozhao\Application\Runtime\Cache\Home\6c5f7d6f4e2907317bd8382743d85649.php 第 78 行.
NOTIC: [8] Undefined variable: cate1 E:\zhaozhao\Application\Runtime\Cache\Home\6c5f7d6f4e2907317bd8382743d85649.php 第 78 行.
INFO: Run Behavior\ParseTemplateBehavior [ RunTime:0.084325s ]
INFO: [ view_parse ] --END-- [ RunTime:0.084466s ]
INFO: [ view_filter ] --START--
INFO: Run Behavior\WriteHtmlCacheBehavior [ RunTime:0.000654s ]
INFO: [ view_filter ] --END-- [ RunTime:0.000722s ]
INFO: [ app_end ] --START--
INFO: Run Behavior\ShowPageTraceBehavior [ RunTime:0.004338s ]
INFO: [ app_end ] --END-- [ RunTime:0.004522s ]

[ 2017-03-18T00:56:13+08:00 ] 127.0.0.1 /
INFO: [ app_init ] --START--
INFO: Run Behavior\BuildLiteBehavior [ RunTime:0.000012s ]
INFO: [ app_init ] --END-- [ RunTime:0.000345s ]
INFO: [ app_begin ] --START--
INFO: Run Behavior\ReadHtmlCacheBehavior [ RunTime:0.000481s ]
INFO: [ app_begin ] --END-- [ RunTime:0.000530s ]
SQL: SHOW COLUMNS FROM `lg_job_category` [ RunTime:0.0085s ]
SQL: SELECT * FROM `lg_job_category`  [ RunTime:0.0033s ]
SQL: SHOW COLUMNS FROM `lg_job` [ RunTime:0.0097s ]
SQL: SELECT * FROM `lg_job` ORDER BY create_time desc LIMIT 0,15   [ RunTime:0.0031s ]
INFO: [ view_parse ] --START--
INFO: [ template_filter ] --START--
INFO: Run Behavior\ContentReplaceBehavior [ RunTime:0.000991s ]
INFO: [ template_filter ] --END-- [ RunTime:0.001186s ]
INFO: Run Behavior\ParseTemplateBehavior [ RunTime:0.075460s ]
INFO: [ view_parse ] --END-- [ RunTime:0.075727s ]
INFO: [ view_filter ] --START--
INFO: Run Behavior\WriteHtmlCacheBehavior [ RunTime:0.001064s ]
INFO: [ view_filter ] --END-- [ RunTime:0.001191s ]
INFO: [ app_end ] --START--
INFO: Run Behavior\ShowPageTraceBehavior [ RunTime:0.006871s ]
INFO: [ app_end ] --END-- [ RunTime:0.007283s ]

[ 2017-03-18T00:57:52+08:00 ] 127.0.0.1 /
INFO: [ app_init ] --START--
INFO: Run Behavior\BuildLiteBehavior [ RunTime:0.000012s ]
INFO: [ app_init ] --END-- [ RunTime:0.000304s ]
INFO: [ app_begin ] --START--
INFO: Run Behavior\ReadHtmlCacheBehavior [ RunTime:0.000378s ]
INFO: [ app_begin ] --END-- [ RunTime:0.000430s ]
SQL: SHOW COLUMNS FROM `lg_job_category` [ RunTime:0.0138s ]
SQL: SELECT * FROM `lg_job_category`  [ RunTime:0.0040s ]
SQL: SHOW COLUMNS FROM `lg_job` [ RunTime:0.0096s ]
SQL: SELECT * FROM `lg_job` ORDER BY create_time desc LIMIT 0,15   [ RunTime:0.0032s ]
INFO: [ view_parse ] --START--
INFO: [ template_filter ] --START--
INFO: Run Behavior\ContentReplaceBehavior [ RunTime:0.000937s ]
INFO: [ template_filter ] --END-- [ RunTime:0.001182s ]
INFO: Run Behavior\ParseTemplateBehavior [ RunTime:0.075097s ]
INFO: [ view_parse ] --END-- [ RunTime:0.075255s ]
INFO: [ view_filter ] --START--
INFO: Run Behavior\WriteHtmlCacheBehavior [ RunTime:0.000704s ]
INFO: [ view_filter ] --END-- [ RunTime:0.000818s ]
INFO: [ app_end ] --START--
INFO: Run Behavior\ShowPageTraceBehavior [ RunTime:0.005780s ]
INFO: [ app_end ] --END-- [ RunTime:0.008368s ]

[ 2017-03-18T00:58:54+08:00 ] 127.0.0.1 /
INFO: [ app_init ] --START--
INFO: Run Behavior\BuildLiteBehavior [ RunTime:0.000019s ]
INFO: [ app_init ] --END-- [ RunTime:0.001288s ]
INFO: [ app_begin ] --START--
INFO: Run Behavior\ReadHtmlCacheBehavior [ RunTime:0.000786s ]
INFO: [ app_begin ] --END-- [ RunTime:0.000870s ]
SQL: SHOW COLUMNS FROM `lg_job_category` [ RunTime:0.0132s ]
SQL: SELECT * FROM `lg_job_category`  [ RunTime:0.0043s ]
SQL: SHOW COLUMNS FROM `lg_job` [ RunTime:0.0095s ]
SQL: SELECT * FROM `lg_job` ORDER BY create_time desc LIMIT 0,15   [ RunTime:0.0037s ]
INFO: [ view_parse ] --START--
INFO: [ template_filter ] --START--
INFO: Run Behavior\ContentReplaceBehavior [ RunTime:0.000850s ]
INFO: [ template_filter ] --END-- [ RunTime:0.001008s ]
INFO: Run Behavior\ParseTemplateBehavior [ RunTime:0.075669s ]
INFO: [ view_parse ] --END-- [ RunTime:0.075833s ]
INFO: [ view_filter ] --START--
INFO: Run Behavior\WriteHtmlCacheBehavior [ RunTime:0.001007s ]
INFO: [ view_filter ] --END-- [ RunTime:0.001131s ]
INFO: [ app_end ] --START--
INFO: Run Behavior\ShowPageTraceBehavior [ RunTime:0.005344s ]
INFO: [ app_end ] --END-- [ RunTime:0.005601s ]

[ 2017-03-18T01:00:22+08:00 ] 127.0.0.1 /
INFO: [ app_init ] --START--
INFO: Run Behavior\BuildLiteBehavior [ RunTime:0.000012s ]
INFO: [ app_init ] --END-- [ RunTime:0.000305s ]
INFO: [ app_begin ] --START--
INFO: Run Behavior\ReadHtmlCacheBehavior [ RunTime:0.000408s ]
INFO: [ app_begin ] --END-- [ RunTime:0.000449s ]
SQL: SHOW COLUMNS FROM `lg_job_category` [ RunTime:0.0149s ]
SQL: SELECT * FROM `lg_job_category`  [ RunTime:0.0030s ]
SQL: SHOW COLUMNS FROM `lg_job` [ RunTime:0.0098s ]
SQL: SELECT * FROM `lg_job` ORDER BY create_time desc LIMIT 0,15   [ RunTime:0.0032s ]
INFO: [ view_parse ] --START--
INFO: [ template_filter ] --START--
INFO: Run Behavior\ContentReplaceBehavior [ RunTime:0.000570s ]
INFO: [ template_filter ] --END-- [ RunTime:0.000684s ]
INFO: Run Behavior\ParseTemplateBehavior [ RunTime:0.051572s ]
INFO: [ view_parse ] --END-- [ RunTime:0.051670s ]
INFO: [ view_filter ] --START--
INFO: Run Behavior\WriteHtmlCacheBehavior [ RunTime:0.000273s ]
INFO: [ view_filter ] --END-- [ RunTime:0.000319s ]
INFO: [ app_end ] --START--
INFO: Run Behavior\ShowPageTraceBehavior [ RunTime:0.001072s ]
INFO: [ app_end ] --END-- [ RunTime:0.001186s ]

[ 2017-03-18T01:01:32+08:00 ] 127.0.0.1 /
INFO: [ app_init ] --START--
INFO: Run Behavior\BuildLiteBehavior [ RunTime:0.000012s ]
INFO: [ app_init ] --END-- [ RunTime:0.000350s ]
INFO: [ app_begin ] --START--
INFO: Run Behavior\ReadHtmlCacheBehavior [ RunTime:0.000486s ]
INFO: [ app_begin ] --END-- [ RunTime:0.000535s ]
SQL: SHOW COLUMNS FROM `lg_job_category` [ RunTime:0.0032s ]
SQL: SELECT * FROM `lg_job_category`  [ RunTime:0.0010s ]
SQL: SHOW COLUMNS FROM `lg_job` [ RunTime:0.0029s ]
SQL: SELECT * FROM `lg_job` ORDER BY create_time desc LIMIT 0,15   [ RunTime:0.0010s ]
INFO: [ view_parse ] --START--
INFO: [ template_filter ] --START--
INFO: Run Behavior\ContentReplaceBehavior [ RunTime:0.000249s ]
INFO: [ template_filter ] --END-- [ RunTime:0.000305s ]
INFO: Run Behavior\ParseTemplateBehavior [ RunTime:0.019444s ]
INFO: [ view_parse ] --END-- [ RunTime:0.019494s ]
INFO: [ view_filter ] --START--
INFO: Run Behavior\WriteHtmlCacheBehavior [ RunTime:0.000280s ]
INFO: [ view_filter ] --END-- [ RunTime:0.000314s ]
INFO: [ app_end ] --START--
INFO: Run Behavior\ShowPageTraceBehavior [ RunTime:0.000749s ]
INFO: [ app_end ] --END-- [ RunTime:0.000837s ]

[ 2017-03-18T01:02:32+08:00 ] 127.0.0.1 /
INFO: [ app_init ] --START--
INFO: Run Behavior\BuildLiteBehavior [ RunTime:0.000014s ]
INFO: [ app_init ] --END-- [ RunTime:0.000370s ]
INFO: [ app_begin ] --START--
INFO: Run Behavior\ReadHtmlCacheBehavior [ RunTime:0.000900s ]
INFO: [ app_begin ] --END-- [ RunTime:0.000980s ]
SQL: SHOW COLUMNS FROM `lg_job_category` [ RunTime:0.0107s ]
SQL: SELECT * FROM `lg_job_category`  [ RunTime:0.0029s ]
SQL: SHOW COLUMNS FROM `lg_job` [ RunTime:0.0105s ]
SQL: SELECT * FROM `lg_job` ORDER BY create_time desc LIMIT 0,15   [ RunTime:0.0031s ]
INFO: [ view_parse ] --START--
INFO: [ template_filter ] --START--
INFO: Run Behavior\ContentReplaceBehavior [ RunTime:0.000487s ]
INFO: [ template_filter ] --END-- [ RunTime:0.000580s ]
INFO: Run Behavior\ParseTemplateBehavior [ RunTime:0.047227s ]
INFO: [ view_parse ] --END-- [ RunTime:0.047339s ]
INFO: [ view_filter ] --START--
INFO: Run Behavior\WriteHtmlCacheBehavior [ RunTime:0.000432s ]
INFO: [ view_filter ] --END-- [ RunTime:0.000476s ]
INFO: [ app_end ] --START--
INFO: Run Behavior\ShowPageTraceBehavior [ RunTime:0.001971s ]
INFO: [ app_end ] --END-- [ RunTime:0.002064s ]

[ 2017-03-18T01:03:43+08:00 ] 127.0.0.1 /
INFO: [ app_init ] --START--
INFO: Run Behavior\BuildLiteBehavior [ RunTime:0.000011s ]
INFO: [ app_init ] --END-- [ RunTime:0.000279s ]
INFO: [ app_begin ] --START--
INFO: Run Behavior\ReadHtmlCacheBehavior [ RunTime:0.000460s ]
INFO: [ app_begin ] --END-- [ RunTime:0.000499s ]
SQL: SHOW COLUMNS FROM `lg_job_category` [ RunTime:0.0099s ]
SQL: SELECT * FROM `lg_job_category`  [ RunTime:0.0030s ]
SQL: SHOW COLUMNS FROM `lg_job` [ RunTime:0.0152s ]
SQL: SELECT * FROM `lg_job` ORDER BY create_time desc LIMIT 0,15   [ RunTime:0.0016s ]
INFO: [ view_parse ] --START--
INFO: [ template_filter ] --START--
INFO: Run Behavior\ContentReplaceBehavior [ RunTime:0.000241s ]
INFO: [ template_filter ] --END-- [ RunTime:0.000308s ]
INFO: Run Behavior\ParseTemplateBehavior [ RunTime:0.034834s ]
INFO: [ view_parse ] --END-- [ RunTime:0.034924s ]
INFO: [ view_filter ] --START--
INFO: Run Behavior\WriteHtmlCacheBehavior [ RunTime:0.000424s ]
INFO: [ view_filter ] --END-- [ RunTime:0.000471s ]
INFO: [ app_end ] --START--
INFO: Run Behavior\ShowPageTraceBehavior [ RunTime:0.001419s ]
INFO: [ app_end ] --END-- [ RunTime:0.001513s ]

[ 2017-03-18T01:05:34+08:00 ] 127.0.0.1 /
INFO: [ app_init ] --START--
INFO: Run Behavior\BuildLiteBehavior [ RunTime:0.000013s ]
INFO: [ app_init ] --END-- [ RunTime:0.000354s ]
INFO: [ app_begin ] --START--
INFO: Run Behavior\ReadHtmlCacheBehavior [ RunTime:0.000543s ]
INFO: [ app_begin ] --END-- [ RunTime:0.000592s ]
SQL: SHOW COLUMNS FROM `lg_job_category` [ RunTime:0.0130s ]
SQL: SELECT * FROM `lg_job_category`  [ RunTime:0.0031s ]
SQL: SHOW COLUMNS FROM `lg_job` [ RunTime:0.0109s ]
SQL: SELECT * FROM `lg_job` ORDER BY create_time desc LIMIT 0,15   [ RunTime:0.0032s ]
INFO: [ view_parse ] --START--
INFO: [ template_filter ] --START--
INFO: Run Behavior\ContentReplaceBehavior [ RunTime:0.000369s ]
INFO: [ template_filter ] --END-- [ RunTime:0.000448s ]
INFO: Run Behavior\ParseTemplateBehavior [ RunTime:0.051854s ]
INFO: [ view_parse ] --END-- [ RunTime:0.051970s ]
INFO: [ view_filter ] --START--
INFO: Run Behavior\WriteHtmlCacheBehavior [ RunTime:0.000734s ]
INFO: [ view_filter ] --END-- [ RunTime:0.000812s ]
INFO: [ app_end ] --START--
INFO: Run Behavior\ShowPageTraceBehavior [ RunTime:0.003565s ]
INFO: [ app_end ] --END-- [ RunTime:0.003685s ]

[ 2017-03-18T01:06:41+08:00 ] 127.0.0.1 /
INFO: [ app_init ] --START--
INFO: Run Behavior\BuildLiteBehavior [ RunTime:0.000012s ]
INFO: [ app_init ] --END-- [ RunTime:0.000344s ]
INFO: [ app_begin ] --START--
INFO: Run Behavior\ReadHtmlCacheBehavior [ RunTime:0.000735s ]
INFO: [ app_begin ] --END-- [ RunTime:0.000812s ]
SQL: SHOW COLUMNS FROM `lg_job_category` [ RunTime:0.0114s ]
SQL: SELECT * FROM `lg_job_category`  [ RunTime:0.0030s ]
SQL: SHOW COLUMNS FROM `lg_job` [ RunTime:0.0088s ]
SQL: SELECT * FROM `lg_job` ORDER BY create_time desc LIMIT 0,15   [ RunTime:0.0036s ]
INFO: [ view_parse ] --START--
INFO: [ template_filter ] --START--
INFO: Run Behavior\ContentReplaceBehavior [ RunTime:0.000435s ]
INFO: [ template_filter ] --END-- [ RunTime:0.000522s ]
INFO: Run Behavior\ParseTemplateBehavior [ RunTime:0.044225s ]
INFO: [ view_parse ] --END-- [ RunTime:0.044338s ]
INFO: [ view_filter ] --START--
INFO: Run Behavior\WriteHtmlCacheBehavior [ RunTime:0.000600s ]
INFO: [ view_filter ] --END-- [ RunTime:0.000664s ]
INFO: [ app_end ] --START--
INFO: Run Behavior\ShowPageTraceBehavior [ RunTime:0.001889s ]
INFO: [ app_end ] --END-- [ RunTime:0.002362s ]

[ 2017-03-18T01:07:24+08:00 ] 127.0.0.1 /
INFO: [ app_init ] --START--
INFO: Run Behavior\BuildLiteBehavior [ RunTime:0.000011s ]
INFO: [ app_init ] --END-- [ RunTime:0.000252s ]
INFO: [ app_begin ] --START--
INFO: Run Behavior\ReadHtmlCacheBehavior [ RunTime:0.000306s ]
INFO: [ app_begin ] --END-- [ RunTime:0.000345s ]
SQL: SHOW COLUMNS FROM `lg_job_category` [ RunTime:0.0129s ]
SQL: SELECT * FROM `lg_job_category`  [ RunTime:0.0036s ]
SQL: SHOW COLUMNS FROM `lg_job` [ RunTime:0.0097s ]
SQL: SELECT * FROM `lg_job` ORDER BY create_time desc LIMIT 0,15   [ RunTime:0.0043s ]
INFO: [ view_parse ] --START--
INFO: [ template_filter ] --START--
INFO: Run Behavior\ContentReplaceBehavior [ RunTime:0.000455s ]
INFO: [ template_filter ] --END-- [ RunTime:0.000546s ]

[ 2017-03-18T01:10:08+08:00 ] 127.0.0.1 /
INFO: [ app_init ] --START--
INFO: Run Behavior\BuildLiteBehavior [ RunTime:0.000013s ]
INFO: [ app_init ] --END-- [ RunTime:0.000356s ]
INFO: [ app_begin ] --START--
INFO: Run Behavior\ReadHtmlCacheBehavior [ RunTime:0.000484s ]
INFO: [ app_begin ] --END-- [ RunTime:0.000532s ]
SQL: SHOW COLUMNS FROM `lg_job_category` [ RunTime:0.0101s ]
SQL: SELECT * FROM `lg_job_category`  [ RunTime:0.0021s ]
SQL: SHOW COLUMNS FROM `lg_job` [ RunTime:0.0065s ]
SQL: SELECT * FROM `lg_job` ORDER BY create_time desc LIMIT 0,15   [ RunTime:0.0023s ]
INFO: [ view_parse ] --START--
INFO: [ template_filter ] --START--
INFO: Run Behavior\ContentReplaceBehavior [ RunTime:0.000830s ]
INFO: [ template_filter ] --END-- [ RunTime:0.000978s ]
INFO: Run Behavior\ParseTemplateBehavior [ RunTime:0.048349s ]
INFO: [ view_parse ] --END-- [ RunTime:0.048434s ]
INFO: [ view_filter ] --START--
INFO: Run Behavior\WriteHtmlCacheBehavior [ RunTime:0.000417s ]
INFO: [ view_filter ] --END-- [ RunTime:0.000467s ]
INFO: [ app_end ] --START--
INFO: Run Behavior\ShowPageTraceBehavior [ RunTime:0.001149s ]
INFO: [ app_end ] --END-- [ RunTime:0.001400s ]

[ 2017-03-18T01:12:16+08:00 ] 127.0.0.1 /
INFO: [ app_init ] --START--
INFO: Run Behavior\BuildLiteBehavior [ RunTime:0.000014s ]
INFO: [ app_init ] --END-- [ RunTime:0.000370s ]
INFO: [ app_begin ] --START--
INFO: Run Behavior\ReadHtmlCacheBehavior [ RunTime:0.000480s ]
INFO: [ app_begin ] --END-- [ RunTime:0.000531s ]
SQL: SHOW COLUMNS FROM `lg_job_category` [ RunTime:0.0076s ]
SQL: SELECT * FROM `lg_job_category`  [ RunTime:0.0012s ]
SQL: SHOW COLUMNS FROM `lg_job` [ RunTime:0.0042s ]
SQL: SELECT * FROM `lg_job` ORDER BY create_time desc LIMIT 0,15   [ RunTime:0.0019s ]
INFO: [ view_parse ] --START--
INFO: [ template_filter ] --START--
INFO: Run Behavior\ContentReplaceBehavior [ RunTime:0.000248s ]
INFO: [ template_filter ] --END-- [ RunTime:0.000323s ]
INFO: Run Behavior\ParseTemplateBehavior [ RunTime:0.029314s ]
INFO: [ view_parse ] --END-- [ RunTime:0.029382s ]
INFO: [ view_filter ] --START--
INFO: Run Behavior\WriteHtmlCacheBehavior [ RunTime:0.000760s ]
INFO: [ view_filter ] --END-- [ RunTime:0.000836s ]
INFO: [ app_end ] --START--
INFO: Run Behavior\ShowPageTraceBehavior [ RunTime:0.001230s ]
INFO: [ app_end ] --END-- [ RunTime:0.001333s ]

[ 2017-03-18T01:12:44+08:00 ] 127.0.0.1 /
INFO: [ app_init ] --START--
INFO: Run Behavior\BuildLiteBehavior [ RunTime:0.000011s ]
INFO: [ app_init ] --END-- [ RunTime:0.000259s ]
INFO: [ app_begin ] --START--
INFO: Run Behavior\ReadHtmlCacheBehavior [ RunTime:0.000412s ]
INFO: [ app_begin ] --END-- [ RunTime:0.000463s ]
SQL: SHOW COLUMNS FROM `lg_job_category` [ RunTime:0.0131s ]
SQL: SELECT * FROM `lg_job_category`  [ RunTime:0.0033s ]
SQL: SHOW COLUMNS FROM `lg_job` [ RunTime:0.0084s ]
SQL: SELECT * FROM `lg_job` ORDER BY create_time desc LIMIT 0,15   [ RunTime:0.0027s ]
INFO: [ view_parse ] --START--
INFO: [ template_filter ] --START--
INFO: Run Behavior\ContentReplaceBehavior [ RunTime:0.000251s ]
INFO: [ template_filter ] --END-- [ RunTime:0.000301s ]

[ 2017-03-18T01:12:59+08:00 ] 127.0.0.1 /
INFO: [ app_init ] --START--
INFO: Run Behavior\BuildLiteBehavior [ RunTime:0.000016s ]
INFO: [ app_init ] --END-- [ RunTime:0.000385s ]
INFO: [ app_begin ] --START--
INFO: Run Behavior\ReadHtmlCacheBehavior [ RunTime:0.000534s ]
INFO: [ app_begin ] --END-- [ RunTime:0.000600s ]
SQL: SHOW COLUMNS FROM `lg_job_category` [ RunTime:0.0120s ]
SQL: SELECT * FROM `lg_job_category`  [ RunTime:0.0033s ]
SQL: SHOW COLUMNS FROM `lg_job` [ RunTime:0.0088s ]
SQL: SELECT * FROM `lg_job` ORDER BY create_time desc LIMIT 0,15   [ RunTime:0.0028s ]
INFO: [ view_parse ] --START--
INFO: [ template_filter ] --START--
INFO: Run Behavior\ContentReplaceBehavior [ RunTime:0.000496s ]
INFO: [ template_filter ] --END-- [ RunTime:0.000605s ]

[ 2017-03-18T01:13:07+08:00 ] 127.0.0.1 /
INFO: [ app_init ] --START--
INFO: Run Behavior\BuildLiteBehavior [ RunTime:0.000017s ]
INFO: [ app_init ] --END-- [ RunTime:0.000469s ]
INFO: [ app_begin ] --START--
INFO: Run Behavior\ReadHtmlCacheBehavior [ RunTime:0.000365s ]
INFO: [ app_begin ] --END-- [ RunTime:0.000414s ]
SQL: SHOW COLUMNS FROM `lg_job_category` [ RunTime:0.0120s ]
SQL: SELECT * FROM `lg_job_category`  [ RunTime:0.0029s ]
SQL: SHOW COLUMNS FROM `lg_job` [ RunTime:0.0100s ]
SQL: SELECT * FROM `lg_job` ORDER BY create_time desc LIMIT 0,15   [ RunTime:0.0032s ]
INFO: [ view_parse ] --START--
INFO: [ template_filter ] --START--
INFO: Run Behavior\ContentReplaceBehavior [ RunTime:0.000434s ]
INFO: [ template_filter ] --END-- [ RunTime:0.000527s ]
INFO: Run Behavior\ParseTemplateBehavior [ RunTime:0.054014s ]
INFO: [ view_parse ] --END-- [ RunTime:0.054124s ]
INFO: [ view_filter ] --START--
INFO: Run Behavior\WriteHtmlCacheBehavior [ RunTime:0.000532s ]
INFO: [ view_filter ] --END-- [ RunTime:0.000597s ]
INFO: [ app_end ] --START--
INFO: Run Behavior\ShowPageTraceBehavior [ RunTime:0.004101s ]
INFO: [ app_end ] --END-- [ RunTime:0.004269s ]

[ 2017-03-18T01:13:58+08:00 ] 127.0.0.1 /
INFO: [ app_init ] --START--
INFO: Run Behavior\BuildLiteBehavior [ RunTime:0.000015s ]
INFO: [ app_init ] --END-- [ RunTime:0.000378s ]
INFO: [ app_begin ] --START--
INFO: Run Behavior\ReadHtmlCacheBehavior [ RunTime:0.000756s ]
INFO: [ app_begin ] --END-- [ RunTime:0.000832s ]
SQL: SHOW COLUMNS FROM `lg_job_category` [ RunTime:0.0153s ]
SQL: SELECT * FROM `lg_job_category`  [ RunTime:0.0042s ]
SQL: SHOW COLUMNS FROM `lg_job` [ RunTime:0.0095s ]
SQL: SELECT * FROM `lg_job` ORDER BY create_time desc LIMIT 0,15   [ RunTime:0.0028s ]
INFO: [ view_parse ] --START--
INFO: [ template_filter ] --START--
INFO: Run Behavior\ContentReplaceBehavior [ RunTime:0.000233s ]
INFO: [ template_filter ] --END-- [ RunTime:0.000291s ]
INFO: Run Behavior\ParseTemplateBehavior [ RunTime:0.034294s ]
INFO: [ view_parse ] --END-- [ RunTime:0.034363s ]
INFO: [ view_filter ] --START--
INFO: Run Behavior\WriteHtmlCacheBehavior [ RunTime:0.000363s ]
INFO: [ view_filter ] --END-- [ RunTime:0.000399s ]
INFO: [ app_end ] --START--
INFO: Run Behavior\ShowPageTraceBehavior [ RunTime:0.001565s ]
INFO: [ app_end ] --END-- [ RunTime:0.001654s ]

[ 2017-03-18T01:14:24+08:00 ] 127.0.0.1 /
INFO: [ app_init ] --START--
INFO: Run Behavior\BuildLiteBehavior [ RunTime:0.000020s ]
INFO: [ app_init ] --END-- [ RunTime:0.000521s ]
INFO: [ app_begin ] --START--
INFO: Run Behavior\ReadHtmlCacheBehavior [ RunTime:0.000813s ]
INFO: [ app_begin ] --END-- [ RunTime:0.000881s ]
SQL: SHOW COLUMNS FROM `lg_job_category` [ RunTime:0.0142s ]
SQL: SELECT * FROM `lg_job_category`  [ RunTime:0.0029s ]
SQL: SHOW COLUMNS FROM `lg_job` [ RunTime:0.0108s ]
SQL: SELECT * FROM `lg_job` ORDER BY create_time desc LIMIT 0,15   [ RunTime:0.0032s ]
INFO: [ view_parse ] --START--
INFO: [ template_filter ] --START--
INFO: Run Behavior\ContentReplaceBehavior [ RunTime:0.000539s ]
INFO: [ template_filter ] --END-- [ RunTime:0.000647s ]
INFO: Run Behavior\ParseTemplateBehavior [ RunTime:0.050530s ]
INFO: [ view_parse ] --END-- [ RunTime:0.050638s ]
INFO: [ view_filter ] --START--
INFO: Run Behavior\WriteHtmlCacheBehavior [ RunTime:0.000560s ]
INFO: [ view_filter ] --END-- [ RunTime:0.000615s ]
INFO: [ app_end ] --START--
INFO: Run Behavior\ShowPageTraceBehavior [ RunTime:0.001886s ]
INFO: [ app_end ] --END-- [ RunTime:0.001992s ]

[ 2017-03-18T01:14:59+08:00 ] 127.0.0.1 /
INFO: [ app_init ] --START--
INFO: Run Behavior\BuildLiteBehavior [ RunTime:0.000014s ]
INFO: [ app_init ] --END-- [ RunTime:0.000359s ]
INFO: [ app_begin ] --START--
INFO: Run Behavior\ReadHtmlCacheBehavior [ RunTime:0.000548s ]
INFO: [ app_begin ] --END-- [ RunTime:0.000598s ]
SQL: SHOW COLUMNS FROM `lg_job_category` [ RunTime:0.0089s ]
SQL: SELECT * FROM `lg_job_category`  [ RunTime:0.0033s ]
SQL: SHOW COLUMNS FROM `lg_job` [ RunTime:0.0097s ]
SQL: SELECT * FROM `lg_job` ORDER BY create_time desc LIMIT 0,15   [ RunTime:0.0046s ]
INFO: [ view_parse ] --START--
INFO: [ template_filter ] --START--
INFO: Run Behavior\ContentReplaceBehavior [ RunTime:0.000278s ]
INFO: [ template_filter ] --END-- [ RunTime:0.000338s ]
INFO: Run Behavior\ParseTemplateBehavior [ RunTime:0.041948s ]
INFO: [ view_parse ] --END-- [ RunTime:0.042039s ]
INFO: [ view_filter ] --START--
INFO: Run Behavior\WriteHtmlCacheBehavior [ RunTime:0.000364s ]
INFO: [ view_filter ] --END-- [ RunTime:0.000397s ]
INFO: [ app_end ] --START--
INFO: Run Behavior\ShowPageTraceBehavior [ RunTime:0.002102s ]
INFO: [ app_end ] --END-- [ RunTime:0.002193s ]

[ 2017-03-18T01:16:46+08:00 ] 127.0.0.1 /
INFO: [ app_init ] --START--
INFO: Run Behavior\BuildLiteBehavior [ RunTime:0.000013s ]
INFO: [ app_init ] --END-- [ RunTime:0.000351s ]
INFO: [ app_begin ] --START--
INFO: Run Behavior\ReadHtmlCacheBehavior [ RunTime:0.000486s ]
INFO: [ app_begin ] --END-- [ RunTime:0.000537s ]
SQL: SHOW COLUMNS FROM `lg_job_category` [ RunTime:0.0136s ]
SQL: SELECT * FROM `lg_job_category`  [ RunTime:0.0040s ]
SQL: SHOW COLUMNS FROM `lg_job` [ RunTime:0.0101s ]
SQL: SELECT * FROM `lg_job` ORDER BY create_time desc LIMIT 0,15   [ RunTime:0.0044s ]
INFO: [ view_parse ] --START--
INFO: [ template_filter ] --START--
INFO: Run Behavior\ContentReplaceBehavior [ RunTime:0.000430s ]
INFO: [ template_filter ] --END-- [ RunTime:0.000518s ]
INFO: Run Behavior\ParseTemplateBehavior [ RunTime:0.042897s ]
INFO: [ view_parse ] --END-- [ RunTime:0.042988s ]
INFO: [ view_filter ] --START--
INFO: Run Behavior\WriteHtmlCacheBehavior [ RunTime:0.000348s ]
INFO: [ view_filter ] --END-- [ RunTime:0.000386s ]
INFO: [ app_end ] --START--
INFO: Run Behavior\ShowPageTraceBehavior [ RunTime:0.001241s ]
INFO: [ app_end ] --END-- [ RunTime:0.001368s ]

[ 2017-03-18T01:17:27+08:00 ] 127.0.0.1 /
INFO: [ app_init ] --START--
INFO: Run Behavior\BuildLiteBehavior [ RunTime:0.000034s ]
INFO: [ app_init ] --END-- [ RunTime:0.000498s ]
INFO: [ app_begin ] --START--
INFO: Run Behavior\ReadHtmlCacheBehavior [ RunTime:0.000624s ]
INFO: [ app_begin ] --END-- [ RunTime:0.000710s ]
SQL: SHOW COLUMNS FROM `lg_job_category` [ RunTime:0.0111s ]
SQL: SELECT * FROM `lg_job_category`  [ RunTime:0.0027s ]
SQL: SHOW COLUMNS FROM `lg_job` [ RunTime:0.0075s ]
SQL: SELECT * FROM `lg_job` ORDER BY create_time desc LIMIT 0,15   [ RunTime:0.0031s ]
INFO: [ view_parse ] --START--
INFO: [ template_filter ] --START--
INFO: Run Behavior\ContentReplaceBehavior [ RunTime:0.000317s ]
INFO: [ template_filter ] --END-- [ RunTime:0.000394s ]
INFO: Run Behavior\ParseTemplateBehavior [ RunTime:0.034783s ]
INFO: [ view_parse ] --END-- [ RunTime:0.034847s ]
INFO: [ view_filter ] --START--
INFO: Run Behavior\WriteHtmlCacheBehavior [ RunTime:0.000340s ]
INFO: [ view_filter ] --END-- [ RunTime:0.000372s ]
INFO: [ app_end ] --START--
INFO: Run Behavior\ShowPageTraceBehavior [ RunTime:0.000793s ]
INFO: [ app_end ] --END-- [ RunTime:0.000940s ]

[ 2017-03-18T08:38:23+08:00 ] 127.0.0.1 /
INFO: [ app_init ] --START--
INFO: Run Behavior\BuildLiteBehavior [ RunTime:0.000027s ]
INFO: [ app_init ] --END-- [ RunTime:0.002676s ]
INFO: [ app_begin ] --START--
INFO: Run Behavior\ReadHtmlCacheBehavior [ RunTime:0.001785s ]
INFO: [ app_begin ] --END-- [ RunTime:0.001910s ]
SQL: SHOW COLUMNS FROM `lg_job_category` [ RunTime:0.0236s ]
SQL: SELECT * FROM `lg_job_category`  [ RunTime:0.0041s ]
SQL: SHOW COLUMNS FROM `lg_job` [ RunTime:0.0249s ]
SQL: SELECT * FROM `lg_job` ORDER BY create_time desc LIMIT 0,15   [ RunTime:0.0396s ]
INFO: [ view_parse ] --START--
INFO: [ template_filter ] --START--
INFO: Run Behavior\ContentReplaceBehavior [ RunTime:0.001344s ]
INFO: [ template_filter ] --END-- [ RunTime:0.001460s ]
INFO: Run Behavior\ParseTemplateBehavior [ RunTime:0.068499s ]
INFO: [ view_parse ] --END-- [ RunTime:0.068628s ]
INFO: [ view_filter ] --START--
INFO: Run Behavior\WriteHtmlCacheBehavior [ RunTime:0.001089s ]
INFO: [ view_filter ] --END-- [ RunTime:0.001172s ]
INFO: [ app_end ] --START--
INFO: Run Behavior\ShowPageTraceBehavior [ RunTime:0.001625s ]
INFO: [ app_end ] --END-- [ RunTime:0.001726s ]

[ 2017-03-18T10:17:44+08:00 ] 127.0.0.1 /
INFO: [ app_init ] --START--
INFO: Run Behavior\BuildLiteBehavior [ RunTime:0.000010s ]
INFO: [ app_init ] --END-- [ RunTime:0.000303s ]
INFO: [ app_begin ] --START--
INFO: Run Behavior\ReadHtmlCacheBehavior [ RunTime:0.000469s ]
INFO: [ app_begin ] --END-- [ RunTime:0.000509s ]
SQL: SHOW COLUMNS FROM `lg_job_category` [ RunTime:0.0113s ]
SQL: SELECT * FROM `lg_job_category`  [ RunTime:0.0034s ]
SQL: SHOW COLUMNS FROM `lg_job` [ RunTime:0.0107s ]
SQL: SELECT * FROM `lg_job` ORDER BY create_time desc LIMIT 0,15   [ RunTime:0.0027s ]
INFO: [ view_parse ] --START--
INFO: [ template_filter ] --START--
INFO: Run Behavior\ContentReplaceBehavior [ RunTime:0.000246s ]
INFO: [ template_filter ] --END-- [ RunTime:0.000310s ]
INFO: Run Behavior\ParseTemplateBehavior [ RunTime:0.033123s ]
INFO: [ view_parse ] --END-- [ RunTime:0.033190s ]
INFO: [ view_filter ] --START--
INFO: Run Behavior\WriteHtmlCacheBehavior [ RunTime:0.000353s ]
INFO: [ view_filter ] --END-- [ RunTime:0.000394s ]
INFO: [ app_end ] --START--
INFO: Run Behavior\ShowPageTraceBehavior [ RunTime:0.001630s ]
INFO: [ app_end ] --END-- [ RunTime:0.002036s ]

[ 2017-03-18T10:35:04+08:00 ] 127.0.0.1 /
INFO: [ app_init ] --START--
INFO: Run Behavior\BuildLiteBehavior [ RunTime:0.000011s ]
INFO: [ app_init ] --END-- [ RunTime:0.000340s ]
INFO: [ app_begin ] --START--
INFO: Run Behavior\ReadHtmlCacheBehavior [ RunTime:0.000460s ]
INFO: [ app_begin ] --END-- [ RunTime:0.000513s ]
SQL: SHOW COLUMNS FROM `lg_job_category` [ RunTime:0.0152s ]
SQL: SELECT * FROM `lg_job_category`  [ RunTime:0.0031s ]
SQL: SHOW COLUMNS FROM `lg_job` [ RunTime:0.0111s ]
SQL: SELECT * FROM `lg_job` ORDER BY create_time desc LIMIT 0,15   [ RunTime:0.0020s ]
INFO: [ view_parse ] --START--
INFO: [ template_filter ] --START--
INFO: Run Behavior\ContentReplaceBehavior [ RunTime:0.000468s ]
INFO: [ template_filter ] --END-- [ RunTime:0.000562s ]
INFO: Run Behavior\ParseTemplateBehavior [ RunTime:0.041903s ]
INFO: [ view_parse ] --END-- [ RunTime:0.042008s ]
INFO: [ view_filter ] --START--
INFO: Run Behavior\WriteHtmlCacheBehavior [ RunTime:0.000629s ]
INFO: [ view_filter ] --END-- [ RunTime:0.000700s ]
INFO: [ app_end ] --START--
INFO: Run Behavior\ShowPageTraceBehavior [ RunTime:0.001135s ]
INFO: [ app_end ] --END-- [ RunTime:0.001267s ]

[ 2017-03-18T10:38:19+08:00 ] 127.0.0.1 /
INFO: [ app_init ] --START--
INFO: Run Behavior\BuildLiteBehavior [ RunTime:0.000012s ]
INFO: [ app_init ] --END-- [ RunTime:0.000333s ]
INFO: [ app_begin ] --START--
INFO: Run Behavior\ReadHtmlCacheBehavior [ RunTime:0.000480s ]
INFO: [ app_begin ] --END-- [ RunTime:0.000530s ]
SQL: SHOW COLUMNS FROM `lg_job_category` [ RunTime:0.0112s ]
SQL: SELECT * FROM `lg_job_category`  [ RunTime:0.0018s ]
SQL: SHOW COLUMNS FROM `lg_job` [ RunTime:0.0071s ]
SQL: SELECT * FROM `lg_job` ORDER BY create_time desc LIMIT 0,15   [ RunTime:0.0022s ]
INFO: [ view_parse ] --START--
INFO: [ template_filter ] --START--
INFO: Run Behavior\ContentReplaceBehavior [ RunTime:0.000253s ]
INFO: [ template_filter ] --END-- [ RunTime:0.000305s ]
INFO: Run Behavior\ParseTemplateBehavior [ RunTime:0.047031s ]
INFO: [ view_parse ] --END-- [ RunTime:0.047101s ]
INFO: [ view_filter ] --START--
INFO: Run Behavior\WriteHtmlCacheBehavior [ RunTime:0.000307s ]
INFO: [ view_filter ] --END-- [ RunTime:0.000339s ]
INFO: [ app_end ] --START--
INFO: Run Behavior\ShowPageTraceBehavior [ RunTime:0.000594s ]
INFO: [ app_end ] --END-- [ RunTime:0.000643s ]

[ 2017-03-18T11:35:14+08:00 ] 127.0.0.1 /
INFO: [ app_init ] --START--
INFO: Run Behavior\BuildLiteBehavior [ RunTime:0.000013s ]
INFO: [ app_init ] --END-- [ RunTime:0.000364s ]
INFO: [ app_begin ] --START--
INFO: Run Behavior\ReadHtmlCacheBehavior [ RunTime:0.000483s ]
INFO: [ app_begin ] --END-- [ RunTime:0.000532s ]
SQL: SHOW COLUMNS FROM `lg_job_category` [ RunTime:0.0089s ]
SQL: SELECT * FROM `lg_job_category`  [ RunTime:0.0012s ]
SQL: SHOW COLUMNS FROM `lg_job` [ RunTime:0.0050s ]
SQL: SELECT * FROM `lg_job` ORDER BY create_time desc LIMIT 0,15   [ RunTime:0.0018s ]
INFO: [ view_parse ] --START--
INFO: [ template_filter ] --START--
INFO: Run Behavior\ContentReplaceBehavior [ RunTime:0.000228s ]
INFO: [ template_filter ] --END-- [ RunTime:0.000278s ]
INFO: Run Behavior\ParseTemplateBehavior [ RunTime:0.027074s ]
INFO: [ view_parse ] --END-- [ RunTime:0.027128s ]
INFO: [ view_filter ] --START--
INFO: Run Behavior\WriteHtmlCacheBehavior [ RunTime:0.000300s ]
INFO: [ view_filter ] --END-- [ RunTime:0.000330s ]
INFO: [ app_end ] --START--
INFO: Run Behavior\ShowPageTraceBehavior [ RunTime:0.000671s ]
INFO: [ app_end ] --END-- [ RunTime:0.000746s ]

[ 2017-03-18T11:37:09+08:00 ] 127.0.0.1 /
INFO: [ app_init ] --START--
INFO: Run Behavior\BuildLiteBehavior [ RunTime:0.000016s ]
INFO: [ app_init ] --END-- [ RunTime:0.000314s ]
INFO: [ app_begin ] --START--
INFO: Run Behavior\ReadHtmlCacheBehavior [ RunTime:0.000377s ]
INFO: [ app_begin ] --END-- [ RunTime:0.000435s ]
SQL: SHOW COLUMNS FROM `lg_job_category` [ RunTime:0.0138s ]
SQL: SELECT * FROM `lg_job_category`  [ RunTime:0.0020s ]
SQL: SHOW COLUMNS FROM `lg_job` [ RunTime:0.0071s ]
SQL: SELECT * FROM `lg_job` ORDER BY create_time desc LIMIT 0,15   [ RunTime:0.0029s ]
INFO: [ view_parse ] --START--
INFO: [ template_filter ] --START--
INFO: Run Behavior\ContentReplaceBehavior [ RunTime:0.000241s ]
INFO: [ template_filter ] --END-- [ RunTime:0.000284s ]
INFO: Run Behavior\ParseTemplateBehavior [ RunTime:0.026817s ]
INFO: [ view_parse ] --END-- [ RunTime:0.026883s ]
INFO: [ view_filter ] --START--
INFO: Run Behavior\WriteHtmlCacheBehavior [ RunTime:0.000244s ]
INFO: [ view_filter ] --END-- [ RunTime:0.000276s ]
INFO: [ app_end ] --START--
INFO: Run Behavior\ShowPageTraceBehavior [ RunTime:0.000545s ]
INFO: [ app_end ] --END-- [ RunTime:0.000615s ]

[ 2017-03-18T22:05:19+08:00 ] 127.0.0.1 /companylist.html
INFO: [ app_init ] --START--
INFO: Run Behavior\BuildLiteBehavior [ RunTime:0.000013s ]
INFO: [ app_init ] --END-- [ RunTime:0.000350s ]
INFO: [ app_begin ] --START--
INFO: Run Behavior\ReadHtmlCacheBehavior [ RunTime:0.000580s ]
INFO: [ app_begin ] --END-- [ RunTime:0.000627s ]
ERR: 无法加载控制器:Companylist

[ 2017-03-18T22:05:23+08:00 ] 127.0.0.1 /
INFO: [ app_init ] --START--
INFO: Run Behavior\BuildLiteBehavior [ RunTime:0.000011s ]
INFO: [ app_init ] --END-- [ RunTime:0.000298s ]
INFO: [ app_begin ] --START--
INFO: Run Behavior\ReadHtmlCacheBehavior [ RunTime:0.000464s ]
INFO: [ app_begin ] --END-- [ RunTime:0.000516s ]
SQL: SHOW COLUMNS FROM `lg_job_category` [ RunTime:0.0078s ]
SQL: SELECT * FROM `lg_job_category`  [ RunTime:0.0020s ]
SQL: SHOW COLUMNS FROM `lg_job` [ RunTime:0.0056s ]
SQL: SELECT * FROM `lg_job` ORDER BY create_time desc LIMIT 0,15   [ RunTime:0.0056s ]
INFO: [ view_parse ] --START--
INFO: [ template_filter ] --START--
INFO: Run Behavior\ContentReplaceBehavior [ RunTime:0.000376s ]
INFO: [ template_filter ] --END-- [ RunTime:0.000456s ]
INFO: Run Behavior\ParseTemplateBehavior [ RunTime:0.040703s ]
INFO: [ view_parse ] --END-- [ RunTime:0.040779s ]
INFO: [ view_filter ] --START--
INFO: Run Behavior\WriteHtmlCacheBehavior [ RunTime:0.000506s ]
INFO: [ view_filter ] --END-- [ RunTime:0.000549s ]
INFO: [ app_end ] --START--
INFO: Run Behavior\ShowPageTraceBehavior [ RunTime:0.000778s ]
INFO: [ app_end ] --END-- [ RunTime:0.000841s ]

[ 2017-03-18T22:20:13+08:00 ] 127.0.0.1 /
INFO: [ app_init ] --START--
INFO: Run Behavior\BuildLiteBehavior [ RunTime:0.000029s ]
INFO: [ app_init ] --END-- [ RunTime:0.000969s ]
INFO: [ app_begin ] --START--
INFO: Run Behavior\ReadHtmlCacheBehavior [ RunTime:0.000475s ]
INFO: [ app_begin ] --END-- [ RunTime:0.000541s ]
SQL: SHOW COLUMNS FROM `lg_job_category` [ RunTime:0.0104s ]
SQL: SELECT * FROM `lg_job_category`  [ RunTime:0.0030s ]
SQL: SHOW COLUMNS FROM `lg_job` [ RunTime:0.0060s ]
SQL: SELECT * FROM `lg_job` ORDER BY create_time desc LIMIT 0,15   [ RunTime:0.0082s ]
INFO: [ view_parse ] --START--
INFO: [ template_filter ] --START--
INFO: Run Behavior\ContentReplaceBehavior [ RunTime:0.000256s ]
INFO: [ template_filter ] --END-- [ RunTime:0.000308s ]
INFO: Run Behavior\ParseTemplateBehavior [ RunTime:0.030543s ]
INFO: [ view_parse ] --END-- [ RunTime:0.030610s ]
INFO: [ view_filter ] --START--
INFO: Run Behavior\WriteHtmlCacheBehavior [ RunTime:0.000754s ]
INFO: [ view_filter ] --END-- [ RunTime:0.000836s ]
INFO: [ app_end ] --START--
INFO: Run Behavior\ShowPageTraceBehavior [ RunTime:0.000759s ]
INFO: [ app_end ] --END-- [ RunTime:0.000897s ]

